#
# A fatal error has been detected by the Java Runtime Environment:
#
#  SIGSEGV (0xb) at pc=0x0000000000000000, pid=15599, tid=15600
#
# JRE version:  (17.0.6) (build )
# Java VM: OpenJDK 64-Bit Server VM (17.0.6+0-17.0.6b829.9-10027231, mixed mode, tiered, compressed oops, compressed class ptrs, g1 gc, linux-amd64)
# Problematic frame:
# C  0x0000000000000000
#
# Core dump will be written. Default location: Core dumps may be processed with "/usr/lib/systemd/systemd-coredump %P %u %g %s %t %c %h" (or dumping to /home/hardstyle/projects/RenconSport/RenconSport_Flutter_Mobile/core.15599)
#
#

---------------  S U M M A R Y ------------

Command Line: 

Host: AMD Ryzen 7 5800H with Radeon Graphics, 16 cores, 7G, Arch Linux
Time: Mon Sep 18 08:53:03 2023 CEST elapsed time: 0.014641 seconds (0d 0h 0m 0s)

---------------  T H R E A D  ---------------

Current thread (0x00007f3888025ce0):  JavaThread "Unknown thread" [_thread_in_vm, id=15600, stack(0x00007f388d0d4000,0x00007f388d1d4000)]

Stack: [0x00007f388d0d4000,0x00007f388d1d4000],  sp=0x00007f388d1d2388,  free space=1016k

siginfo: si_signo: 11 (SIGSEGV), si_code: 1 (SEGV_MAPERR), si_addr: 0x0000000000000000

Registers:
RAX=0x00007f388d0d13d0, RBX=0x00007f38881483a0, RCX=0x0000000000000767, RDX=0x00007f38881483a0
RSP=0x00007f388d1d2388, RBP=0x00007f388d1d23a0, RSI=0x0000000000000411, RDI=0x00007f3884d90fa0
R8 =0x00007f388d1d2398, R9 =0x0000000000000001, R10=0x00007f388e5db588, R11=0x00007f388e72db10
R12=0x00007f388814b390, R13=0x00007f3884c084da, R14=0x00007f388d1d2450, R15=0x00007f388814b370
RIP=0x0000000000000000, EFLAGS=0x0000000000010206, CSGSFS=0x002b000000000033, ERR=0x0000000000000014
  TRAPNO=0x000000000000000e

Top of Stack: (sp=0x00007f388d1d2388)
0x00007f388d1d2388:   00007f388d0bd275 0000000000000000
0x00007f388d1d2398:   0000000000000000 00007f388d1d2440
0x00007f388d1d23a8:   00007f388d0bd203 00007f388d1d2490
0x00007f388d1d23b8:   00007f38cafefafa 0000000000000411 

Instructions: (pc=0x0000000000000000)
0xffffffffffffff00:   



---------------  P R O C E S S  ---------------

Threads class SMR info:
_java_thread_list=0x00007f388e5bf8a8, length=0, elements={
}

Java Threads: ( => current thread )

Other Threads:
  0x00007f3888081590 GCTaskThread "GC Thread#0" [stack: 0x00007f3871129000,0x00007f3871229000] [id=15601]
  0x00007f38880921b0 ConcurrentGCThread "G1 Main Marker" [stack: 0x00007f3871027000,0x00007f3871127000] [id=15602]
  0x00007f3888093110 ConcurrentGCThread "G1 Conc#0" [stack: 0x00007f3870f25000,0x00007f3871025000] [id=15603]
  0x00007f388811e990 ConcurrentGCThread "G1 Refine#0" [stack: 0x00007f3870116000,0x00007f3870216000] [id=15604]
  0x00007f388811f880 ConcurrentGCThread "G1 Service" [stack: 0x00007f3870014000,0x00007f3870114000] [id=15605]

=>0x00007f3888025ce0 (exited) JavaThread "Unknown thread" [_thread_in_vm, id=15600, stack(0x00007f388d0d4000,0x00007f388d1d4000)]

Threads with active compile tasks:

VM state: not at safepoint (not fully initialized)

VM Mutex/Monitor currently owned by a thread: None

Heap address: 0x0000000085000000, size: 1968 MB, Compressed Oops mode: 32-bit

CDS archive(s) not mapped
Compressed class space mapped at: 0x0000000100000000-0x0000000140000000, reserved size: 1073741824
Narrow klass base: 0x0000000000000000, Narrow klass shift: 3, Narrow klass range: 0x140000000

GC Precious Log:
 CPUs: 16 total, 16 available
 Memory: 7870M
 Large Page Support: Disabled
 NUMA Support: Disabled
 Compressed Oops: Enabled (32-bit)
 Heap Region Size: 1M
 Heap Min Capacity: 8M
 Heap Initial Capacity: 124M
 Heap Max Capacity: 1968M
 Pre-touch: Disabled
 Parallel Workers: 13
 Concurrent Workers: 3
 Concurrent Refinement Workers: 13
 Periodic GC: Disabled

Heap:
 garbage-first heap   total 126976K, used 0K [0x0000000085000000, 0x0000000100000000)
  region size 1024K, 0 young (0K), 0 survivors (0K)
 Metaspace       used 4K, committed 128K, reserved 1056768K
  class space    used 4K, committed 64K, reserved 1048576K

Heap Regions: E=young(eden), S=young(survivor), O=old, HS=humongous(starts), HC=humongous(continues), CS=collection set, F=free, OA=open archive, CA=closed archive, TAMS=top-at-mark-start (previous, next)
|   0|0x0000000085000000, 0x0000000085000000, 0x0000000085100000|  0%| F|  |TAMS 0x0000000085000000, 0x0000000085000000| Untracked 
|   1|0x0000000085100000, 0x0000000085100000, 0x0000000085200000|  0%| F|  |TAMS 0x0000000085100000, 0x0000000085100000| Untracked 
|   2|0x0000000085200000, 0x0000000085200000, 0x0000000085300000|  0%| F|  |TAMS 0x0000000085200000, 0x0000000085200000| Untracked 
|   3|0x0000000085300000, 0x0000000085300000, 0x0000000085400000|  0%| F|  |TAMS 0x0000000085300000, 0x0000000085300000| Untracked 
|   4|0x0000000085400000, 0x0000000085400000, 0x0000000085500000|  0%| F|  |TAMS 0x0000000085400000, 0x0000000085400000| Untracked 
|   5|0x0000000085500000, 0x0000000085500000, 0x0000000085600000|  0%| F|  |TAMS 0x0000000085500000, 0x0000000085500000| Untracked 
|   6|0x0000000085600000, 0x0000000085600000, 0x0000000085700000|  0%| F|  |TAMS 0x0000000085600000, 0x0000000085600000| Untracked 
|   7|0x0000000085700000, 0x0000000085700000, 0x0000000085800000|  0%| F|  |TAMS 0x0000000085700000, 0x0000000085700000| Untracked 
|   8|0x0000000085800000, 0x0000000085800000, 0x0000000085900000|  0%| F|  |TAMS 0x0000000085800000, 0x0000000085800000| Untracked 
|   9|0x0000000085900000, 0x0000000085900000, 0x0000000085a00000|  0%| F|  |TAMS 0x0000000085900000, 0x0000000085900000| Untracked 
|  10|0x0000000085a00000, 0x0000000085a00000, 0x0000000085b00000|  0%| F|  |TAMS 0x0000000085a00000, 0x0000000085a00000| Untracked 
|  11|0x0000000085b00000, 0x0000000085b00000, 0x0000000085c00000|  0%| F|  |TAMS 0x0000000085b00000, 0x0000000085b00000| Untracked 
|  12|0x0000000085c00000, 0x0000000085c00000, 0x0000000085d00000|  0%| F|  |TAMS 0x0000000085c00000, 0x0000000085c00000| Untracked 
|  13|0x0000000085d00000, 0x0000000085d00000, 0x0000000085e00000|  0%| F|  |TAMS 0x0000000085d00000, 0x0000000085d00000| Untracked 
|  14|0x0000000085e00000, 0x0000000085e00000, 0x0000000085f00000|  0%| F|  |TAMS 0x0000000085e00000, 0x0000000085e00000| Untracked 
|  15|0x0000000085f00000, 0x0000000085f00000, 0x0000000086000000|  0%| F|  |TAMS 0x0000000085f00000, 0x0000000085f00000| Untracked 
|  16|0x0000000086000000, 0x0000000086000000, 0x0000000086100000|  0%| F|  |TAMS 0x0000000086000000, 0x0000000086000000| Untracked 
|  17|0x0000000086100000, 0x0000000086100000, 0x0000000086200000|  0%| F|  |TAMS 0x0000000086100000, 0x0000000086100000| Untracked 
|  18|0x0000000086200000, 0x0000000086200000, 0x0000000086300000|  0%| F|  |TAMS 0x0000000086200000, 0x0000000086200000| Untracked 
|  19|0x0000000086300000, 0x0000000086300000, 0x0000000086400000|  0%| F|  |TAMS 0x0000000086300000, 0x0000000086300000| Untracked 
|  20|0x0000000086400000, 0x0000000086400000, 0x0000000086500000|  0%| F|  |TAMS 0x0000000086400000, 0x0000000086400000| Untracked 
|  21|0x0000000086500000, 0x0000000086500000, 0x0000000086600000|  0%| F|  |TAMS 0x0000000086500000, 0x0000000086500000| Untracked 
|  22|0x0000000086600000, 0x0000000086600000, 0x0000000086700000|  0%| F|  |TAMS 0x0000000086600000, 0x0000000086600000| Untracked 
|  23|0x0000000086700000, 0x0000000086700000, 0x0000000086800000|  0%| F|  |TAMS 0x0000000086700000, 0x0000000086700000| Untracked 
|  24|0x0000000086800000, 0x0000000086800000, 0x0000000086900000|  0%| F|  |TAMS 0x0000000086800000, 0x0000000086800000| Untracked 
|  25|0x0000000086900000, 0x0000000086900000, 0x0000000086a00000|  0%| F|  |TAMS 0x0000000086900000, 0x0000000086900000| Untracked 
|  26|0x0000000086a00000, 0x0000000086a00000, 0x0000000086b00000|  0%| F|  |TAMS 0x0000000086a00000, 0x0000000086a00000| Untracked 
|  27|0x0000000086b00000, 0x0000000086b00000, 0x0000000086c00000|  0%| F|  |TAMS 0x0000000086b00000, 0x0000000086b00000| Untracked 
|  28|0x0000000086c00000, 0x0000000086c00000, 0x0000000086d00000|  0%| F|  |TAMS 0x0000000086c00000, 0x0000000086c00000| Untracked 
|  29|0x0000000086d00000, 0x0000000086d00000, 0x0000000086e00000|  0%| F|  |TAMS 0x0000000086d00000, 0x0000000086d00000| Untracked 
|  30|0x0000000086e00000, 0x0000000086e00000, 0x0000000086f00000|  0%| F|  |TAMS 0x0000000086e00000, 0x0000000086e00000| Untracked 
|  31|0x0000000086f00000, 0x0000000086f00000, 0x0000000087000000|  0%| F|  |TAMS 0x0000000086f00000, 0x0000000086f00000| Untracked 
|  32|0x0000000087000000, 0x0000000087000000, 0x0000000087100000|  0%| F|  |TAMS 0x0000000087000000, 0x0000000087000000| Untracked 
|  33|0x0000000087100000, 0x0000000087100000, 0x0000000087200000|  0%| F|  |TAMS 0x0000000087100000, 0x0000000087100000| Untracked 
|  34|0x0000000087200000, 0x0000000087200000, 0x0000000087300000|  0%| F|  |TAMS 0x0000000087200000, 0x0000000087200000| Untracked 
|  35|0x0000000087300000, 0x0000000087300000, 0x0000000087400000|  0%| F|  |TAMS 0x0000000087300000, 0x0000000087300000| Untracked 
|  36|0x0000000087400000, 0x0000000087400000, 0x0000000087500000|  0%| F|  |TAMS 0x0000000087400000, 0x0000000087400000| Untracked 
|  37|0x0000000087500000, 0x0000000087500000, 0x0000000087600000|  0%| F|  |TAMS 0x0000000087500000, 0x0000000087500000| Untracked 
|  38|0x0000000087600000, 0x0000000087600000, 0x0000000087700000|  0%| F|  |TAMS 0x0000000087600000, 0x0000000087600000| Untracked 
|  39|0x0000000087700000, 0x0000000087700000, 0x0000000087800000|  0%| F|  |TAMS 0x0000000087700000, 0x0000000087700000| Untracked 
|  40|0x0000000087800000, 0x0000000087800000, 0x0000000087900000|  0%| F|  |TAMS 0x0000000087800000, 0x0000000087800000| Untracked 
|  41|0x0000000087900000, 0x0000000087900000, 0x0000000087a00000|  0%| F|  |TAMS 0x0000000087900000, 0x0000000087900000| Untracked 
|  42|0x0000000087a00000, 0x0000000087a00000, 0x0000000087b00000|  0%| F|  |TAMS 0x0000000087a00000, 0x0000000087a00000| Untracked 
|  43|0x0000000087b00000, 0x0000000087b00000, 0x0000000087c00000|  0%| F|  |TAMS 0x0000000087b00000, 0x0000000087b00000| Untracked 
|  44|0x0000000087c00000, 0x0000000087c00000, 0x0000000087d00000|  0%| F|  |TAMS 0x0000000087c00000, 0x0000000087c00000| Untracked 
|  45|0x0000000087d00000, 0x0000000087d00000, 0x0000000087e00000|  0%| F|  |TAMS 0x0000000087d00000, 0x0000000087d00000| Untracked 
|  46|0x0000000087e00000, 0x0000000087e00000, 0x0000000087f00000|  0%| F|  |TAMS 0x0000000087e00000, 0x0000000087e00000| Untracked 
|  47|0x0000000087f00000, 0x0000000087f00000, 0x0000000088000000|  0%| F|  |TAMS 0x0000000087f00000, 0x0000000087f00000| Untracked 
|  48|0x0000000088000000, 0x0000000088000000, 0x0000000088100000|  0%| F|  |TAMS 0x0000000088000000, 0x0000000088000000| Untracked 
|  49|0x0000000088100000, 0x0000000088100000, 0x0000000088200000|  0%| F|  |TAMS 0x0000000088100000, 0x0000000088100000| Untracked 
|  50|0x0000000088200000, 0x0000000088200000, 0x0000000088300000|  0%| F|  |TAMS 0x0000000088200000, 0x0000000088200000| Untracked 
|  51|0x0000000088300000, 0x0000000088300000, 0x0000000088400000|  0%| F|  |TAMS 0x0000000088300000, 0x0000000088300000| Untracked 
|  52|0x0000000088400000, 0x0000000088400000, 0x0000000088500000|  0%| F|  |TAMS 0x0000000088400000, 0x0000000088400000| Untracked 
|  53|0x0000000088500000, 0x0000000088500000, 0x0000000088600000|  0%| F|  |TAMS 0x0000000088500000, 0x0000000088500000| Untracked 
|  54|0x0000000088600000, 0x0000000088600000, 0x0000000088700000|  0%| F|  |TAMS 0x0000000088600000, 0x0000000088600000| Untracked 
|  55|0x0000000088700000, 0x0000000088700000, 0x0000000088800000|  0%| F|  |TAMS 0x0000000088700000, 0x0000000088700000| Untracked 
|  56|0x0000000088800000, 0x0000000088800000, 0x0000000088900000|  0%| F|  |TAMS 0x0000000088800000, 0x0000000088800000| Untracked 
|  57|0x0000000088900000, 0x0000000088900000, 0x0000000088a00000|  0%| F|  |TAMS 0x0000000088900000, 0x0000000088900000| Untracked 
|  58|0x0000000088a00000, 0x0000000088a00000, 0x0000000088b00000|  0%| F|  |TAMS 0x0000000088a00000, 0x0000000088a00000| Untracked 
|  59|0x0000000088b00000, 0x0000000088b00000, 0x0000000088c00000|  0%| F|  |TAMS 0x0000000088b00000, 0x0000000088b00000| Untracked 
|  60|0x0000000088c00000, 0x0000000088c00000, 0x0000000088d00000|  0%| F|  |TAMS 0x0000000088c00000, 0x0000000088c00000| Untracked 
|  61|0x0000000088d00000, 0x0000000088d00000, 0x0000000088e00000|  0%| F|  |TAMS 0x0000000088d00000, 0x0000000088d00000| Untracked 
|  62|0x0000000088e00000, 0x0000000088e00000, 0x0000000088f00000|  0%| F|  |TAMS 0x0000000088e00000, 0x0000000088e00000| Untracked 
|  63|0x0000000088f00000, 0x0000000088f00000, 0x0000000089000000|  0%| F|  |TAMS 0x0000000088f00000, 0x0000000088f00000| Untracked 
|  64|0x0000000089000000, 0x0000000089000000, 0x0000000089100000|  0%| F|  |TAMS 0x0000000089000000, 0x0000000089000000| Untracked 
|  65|0x0000000089100000, 0x0000000089100000, 0x0000000089200000|  0%| F|  |TAMS 0x0000000089100000, 0x0000000089100000| Untracked 
|  66|0x0000000089200000, 0x0000000089200000, 0x0000000089300000|  0%| F|  |TAMS 0x0000000089200000, 0x0000000089200000| Untracked 
|  67|0x0000000089300000, 0x0000000089300000, 0x0000000089400000|  0%| F|  |TAMS 0x0000000089300000, 0x0000000089300000| Untracked 
|  68|0x0000000089400000, 0x0000000089400000, 0x0000000089500000|  0%| F|  |TAMS 0x0000000089400000, 0x0000000089400000| Untracked 
|  69|0x0000000089500000, 0x0000000089500000, 0x0000000089600000|  0%| F|  |TAMS 0x0000000089500000, 0x0000000089500000| Untracked 
|  70|0x0000000089600000, 0x0000000089600000, 0x0000000089700000|  0%| F|  |TAMS 0x0000000089600000, 0x0000000089600000| Untracked 
|  71|0x0000000089700000, 0x0000000089700000, 0x0000000089800000|  0%| F|  |TAMS 0x0000000089700000, 0x0000000089700000| Untracked 
|  72|0x0000000089800000, 0x0000000089800000, 0x0000000089900000|  0%| F|  |TAMS 0x0000000089800000, 0x0000000089800000| Untracked 
|  73|0x0000000089900000, 0x0000000089900000, 0x0000000089a00000|  0%| F|  |TAMS 0x0000000089900000, 0x0000000089900000| Untracked 
|  74|0x0000000089a00000, 0x0000000089a00000, 0x0000000089b00000|  0%| F|  |TAMS 0x0000000089a00000, 0x0000000089a00000| Untracked 
|  75|0x0000000089b00000, 0x0000000089b00000, 0x0000000089c00000|  0%| F|  |TAMS 0x0000000089b00000, 0x0000000089b00000| Untracked 
|  76|0x0000000089c00000, 0x0000000089c00000, 0x0000000089d00000|  0%| F|  |TAMS 0x0000000089c00000, 0x0000000089c00000| Untracked 
|  77|0x0000000089d00000, 0x0000000089d00000, 0x0000000089e00000|  0%| F|  |TAMS 0x0000000089d00000, 0x0000000089d00000| Untracked 
|  78|0x0000000089e00000, 0x0000000089e00000, 0x0000000089f00000|  0%| F|  |TAMS 0x0000000089e00000, 0x0000000089e00000| Untracked 
|  79|0x0000000089f00000, 0x0000000089f00000, 0x000000008a000000|  0%| F|  |TAMS 0x0000000089f00000, 0x0000000089f00000| Untracked 
|  80|0x000000008a000000, 0x000000008a000000, 0x000000008a100000|  0%| F|  |TAMS 0x000000008a000000, 0x000000008a000000| Untracked 
|  81|0x000000008a100000, 0x000000008a100000, 0x000000008a200000|  0%| F|  |TAMS 0x000000008a100000, 0x000000008a100000| Untracked 
|  82|0x000000008a200000, 0x000000008a200000, 0x000000008a300000|  0%| F|  |TAMS 0x000000008a200000, 0x000000008a200000| Untracked 
|  83|0x000000008a300000, 0x000000008a300000, 0x000000008a400000|  0%| F|  |TAMS 0x000000008a300000, 0x000000008a300000| Untracked 
|  84|0x000000008a400000, 0x000000008a400000, 0x000000008a500000|  0%| F|  |TAMS 0x000000008a400000, 0x000000008a400000| Untracked 
|  85|0x000000008a500000, 0x000000008a500000, 0x000000008a600000|  0%| F|  |TAMS 0x000000008a500000, 0x000000008a500000| Untracked 
|  86|0x000000008a600000, 0x000000008a600000, 0x000000008a700000|  0%| F|  |TAMS 0x000000008a600000, 0x000000008a600000| Untracked 
|  87|0x000000008a700000, 0x000000008a700000, 0x000000008a800000|  0%| F|  |TAMS 0x000000008a700000, 0x000000008a700000| Untracked 
|  88|0x000000008a800000, 0x000000008a800000, 0x000000008a900000|  0%| F|  |TAMS 0x000000008a800000, 0x000000008a800000| Untracked 
|  89|0x000000008a900000, 0x000000008a900000, 0x000000008aa00000|  0%| F|  |TAMS 0x000000008a900000, 0x000000008a900000| Untracked 
|  90|0x000000008aa00000, 0x000000008aa00000, 0x000000008ab00000|  0%| F|  |TAMS 0x000000008aa00000, 0x000000008aa00000| Untracked 
|  91|0x000000008ab00000, 0x000000008ab00000, 0x000000008ac00000|  0%| F|  |TAMS 0x000000008ab00000, 0x000000008ab00000| Untracked 
|  92|0x000000008ac00000, 0x000000008ac00000, 0x000000008ad00000|  0%| F|  |TAMS 0x000000008ac00000, 0x000000008ac00000| Untracked 
|  93|0x000000008ad00000, 0x000000008ad00000, 0x000000008ae00000|  0%| F|  |TAMS 0x000000008ad00000, 0x000000008ad00000| Untracked 
|  94|0x000000008ae00000, 0x000000008ae00000, 0x000000008af00000|  0%| F|  |TAMS 0x000000008ae00000, 0x000000008ae00000| Untracked 
|  95|0x000000008af00000, 0x000000008af00000, 0x000000008b000000|  0%| F|  |TAMS 0x000000008af00000, 0x000000008af00000| Untracked 
|  96|0x000000008b000000, 0x000000008b000000, 0x000000008b100000|  0%| F|  |TAMS 0x000000008b000000, 0x000000008b000000| Untracked 
|  97|0x000000008b100000, 0x000000008b100000, 0x000000008b200000|  0%| F|  |TAMS 0x000000008b100000, 0x000000008b100000| Untracked 
|  98|0x000000008b200000, 0x000000008b200000, 0x000000008b300000|  0%| F|  |TAMS 0x000000008b200000, 0x000000008b200000| Untracked 
|  99|0x000000008b300000, 0x000000008b300000, 0x000000008b400000|  0%| F|  |TAMS 0x000000008b300000, 0x000000008b300000| Untracked 
| 100|0x000000008b400000, 0x000000008b400000, 0x000000008b500000|  0%| F|  |TAMS 0x000000008b400000, 0x000000008b400000| Untracked 
| 101|0x000000008b500000, 0x000000008b500000, 0x000000008b600000|  0%| F|  |TAMS 0x000000008b500000, 0x000000008b500000| Untracked 
| 102|0x000000008b600000, 0x000000008b600000, 0x000000008b700000|  0%| F|  |TAMS 0x000000008b600000, 0x000000008b600000| Untracked 
| 103|0x000000008b700000, 0x000000008b700000, 0x000000008b800000|  0%| F|  |TAMS 0x000000008b700000, 0x000000008b700000| Untracked 
| 104|0x000000008b800000, 0x000000008b800000, 0x000000008b900000|  0%| F|  |TAMS 0x000000008b800000, 0x000000008b800000| Untracked 
| 105|0x000000008b900000, 0x000000008b900000, 0x000000008ba00000|  0%| F|  |TAMS 0x000000008b900000, 0x000000008b900000| Untracked 
| 106|0x000000008ba00000, 0x000000008ba00000, 0x000000008bb00000|  0%| F|  |TAMS 0x000000008ba00000, 0x000000008ba00000| Untracked 
| 107|0x000000008bb00000, 0x000000008bb00000, 0x000000008bc00000|  0%| F|  |TAMS 0x000000008bb00000, 0x000000008bb00000| Untracked 
| 108|0x000000008bc00000, 0x000000008bc00000, 0x000000008bd00000|  0%| F|  |TAMS 0x000000008bc00000, 0x000000008bc00000| Untracked 
| 109|0x000000008bd00000, 0x000000008bd00000, 0x000000008be00000|  0%| F|  |TAMS 0x000000008bd00000, 0x000000008bd00000| Untracked 
| 110|0x000000008be00000, 0x000000008be00000, 0x000000008bf00000|  0%| F|  |TAMS 0x000000008be00000, 0x000000008be00000| Untracked 
| 111|0x000000008bf00000, 0x000000008bf00000, 0x000000008c000000|  0%| F|  |TAMS 0x000000008bf00000, 0x000000008bf00000| Untracked 
| 112|0x000000008c000000, 0x000000008c000000, 0x000000008c100000|  0%| F|  |TAMS 0x000000008c000000, 0x000000008c000000| Untracked 
| 113|0x000000008c100000, 0x000000008c100000, 0x000000008c200000|  0%| F|  |TAMS 0x000000008c100000, 0x000000008c100000| Untracked 
| 114|0x000000008c200000, 0x000000008c200000, 0x000000008c300000|  0%| F|  |TAMS 0x000000008c200000, 0x000000008c200000| Untracked 
| 115|0x000000008c300000, 0x000000008c300000, 0x000000008c400000|  0%| F|  |TAMS 0x000000008c300000, 0x000000008c300000| Untracked 
| 116|0x000000008c400000, 0x000000008c400000, 0x000000008c500000|  0%| F|  |TAMS 0x000000008c400000, 0x000000008c400000| Untracked 
| 117|0x000000008c500000, 0x000000008c500000, 0x000000008c600000|  0%| F|  |TAMS 0x000000008c500000, 0x000000008c500000| Untracked 
| 118|0x000000008c600000, 0x000000008c600000, 0x000000008c700000|  0%| F|  |TAMS 0x000000008c600000, 0x000000008c600000| Untracked 
| 119|0x000000008c700000, 0x000000008c700000, 0x000000008c800000|  0%| F|  |TAMS 0x000000008c700000, 0x000000008c700000| Untracked 
| 120|0x000000008c800000, 0x000000008c800000, 0x000000008c900000|  0%| F|  |TAMS 0x000000008c800000, 0x000000008c800000| Untracked 
| 121|0x000000008c900000, 0x000000008c900000, 0x000000008ca00000|  0%| F|  |TAMS 0x000000008c900000, 0x000000008c900000| Untracked 
| 122|0x000000008ca00000, 0x000000008ca00000, 0x000000008cb00000|  0%| F|  |TAMS 0x000000008ca00000, 0x000000008ca00000| Untracked 
| 123|0x000000008cb00000, 0x000000008cb00000, 0x000000008cc00000|  0%| F|  |TAMS 0x000000008cb00000, 0x000000008cb00000| Untracked 

Card table byte_map: [0x00007f3875381000,0x00007f3875759000] _byte_map_base: 0x00007f3874f59000

Marking Bits (Prev, Next): (CMBitMap*) 0x00007f3888082010, (CMBitMap*) 0x00007f3888082050
 Prev Bits: [0x00007f38730e9000, 0x00007f3874fa9000)
 Next Bits: [0x00007f3871229000, 0x00007f38730e9000)

GC Heap History (0 events):
No events

Dll operation events (1 events):
Event: 0.005 Loaded shared library /opt/android-studio/jbr/lib/libjava.so

Deoptimization events (0 events):
No events

Classes unloaded (0 events):
No events

Classes redefined (0 events):
No events

Internal exceptions (0 events):
No events

VM Operations (0 events):
No events

Events (2 events):
Event: 0.004 Protecting memory [0x00007f388d0d4000,0x00007f388d0d8000] with protection modes 0
Event: 0.011 loading class java/lang/Object


Dynamic libraries:
00200000-00201000 r--p 00000000 08:20 369379                             /opt/android-studio/jbr/bin/java
00201000-00202000 r-xp 00000000 08:20 369379                             /opt/android-studio/jbr/bin/java
00202000-00203000 r--p 00000000 08:20 369379                             /opt/android-studio/jbr/bin/java
00203000-00204000 rw-p 00000000 08:20 369379                             /opt/android-studio/jbr/bin/java
01820000-01868000 rw-p 00000000 00:00 0                                  [heap]
85000000-8cc00000 rw-p 00000000 00:00 0 
8cc00000-100040000 ---p 00000000 00:00 0 
100040000-100050000 rw-p 00000000 00:00 0 
100050000-140000000 ---p 00000000 00:00 0 
7f3854000000-7f3854021000 rw-p 00000000 00:00 0 
7f3854021000-7f3858000000 ---p 00000000 00:00 0 
7f385c000000-7f385c021000 rw-p 00000000 00:00 0 
7f385c021000-7f3860000000 ---p 00000000 00:00 0 
7f3860f03000-7f3860fb4000 r--p 00000000 08:20 6210                       /usr/lib/libcrypto.so.3
7f3860fb4000-7f38612cd000 r-xp 000b1000 08:20 6210                       /usr/lib/libcrypto.so.3
7f38612cd000-7f386139f000 r--p 003ca000 08:20 6210                       /usr/lib/libcrypto.so.3
7f386139f000-7f38613fa000 r--p 0049c000 08:20 6210                       /usr/lib/libcrypto.so.3
7f38613fa000-7f38613fd000 rw-p 004f7000 08:20 6210                       /usr/lib/libcrypto.so.3
7f38613fd000-7f3861410000 rw-p 00000000 00:00 0 
7f3861410000-7f3861c00000 ---p 00000000 00:00 0 
7f3861e5f000-7f3861e62000 r--p 00000000 08:20 30596                      /usr/lib/libz.so.1.3
7f3861e62000-7f3861e70000 r-xp 00003000 08:20 30596                      /usr/lib/libz.so.1.3
7f3861e70000-7f3861e77000 r--p 00011000 08:20 30596                      /usr/lib/libz.so.1.3
7f3861e77000-7f3861e78000 r--p 00017000 08:20 30596                      /usr/lib/libz.so.1.3
7f3861e78000-7f3861e79000 rw-p 00018000 08:20 30596                      /usr/lib/libz.so.1.3
7f3861e79000-7f3861e85000 r--p 00000000 08:20 28620                      /usr/lib/libzstd.so.1.5.5
7f3861e85000-7f3861f36000 r-xp 0000c000 08:20 28620                      /usr/lib/libzstd.so.1.5.5
7f3861f36000-7f3861f4a000 r--p 000bd000 08:20 28620                      /usr/lib/libzstd.so.1.5.5
7f3861f4a000-7f3861f4b000 r--p 000d1000 08:20 28620                      /usr/lib/libzstd.so.1.5.5
7f3861f4b000-7f3861f4c000 rw-p 000d2000 08:20 28620                      /usr/lib/libzstd.so.1.5.5
7f3861f4c000-7f3861f50000 r--p 00000000 08:20 16137                      /usr/lib/liblzma.so.5.4.4
7f3861f50000-7f3861f71000 r-xp 00004000 08:20 16137                      /usr/lib/liblzma.so.5.4.4
7f3861f71000-7f3861f7d000 r--p 00025000 08:20 16137                      /usr/lib/liblzma.so.5.4.4
7f3861f7d000-7f3861f7e000 r--p 00031000 08:20 16137                      /usr/lib/liblzma.so.5.4.4
7f3861f7e000-7f3861f7f000 rw-p 00032000 08:20 16137                      /usr/lib/liblzma.so.5.4.4
7f3861f7f000-7f3864021000 rw-p 00000000 00:00 0 
7f3864021000-7f3868000000 ---p 00000000 00:00 0 
7f3868000000-7f3868021000 rw-p 00000000 00:00 0 
7f3868021000-7f386c000000 ---p 00000000 00:00 0 
7f386c000000-7f386c021000 rw-p 00000000 00:00 0 
7f386c021000-7f3870000000 ---p 00000000 00:00 0 
7f3870012000-7f3870013000 ---p 00000000 00:00 0 
7f3870013000-7f3870114000 rw-p 00000000 00:00 0 
7f3870114000-7f3870115000 ---p 00000000 00:00 0 
7f3870115000-7f3870f23000 rw-p 00000000 00:00 0 
7f3870f23000-7f3870f24000 ---p 00000000 00:00 0 
7f3870f24000-7f3871025000 rw-p 00000000 00:00 0 
7f3871025000-7f3871026000 ---p 00000000 00:00 0 
7f3871026000-7f3871127000 rw-p 00000000 00:00 0 
7f3871127000-7f3871128000 ---p 00000000 00:00 0 
7f3871128000-7f3871419000 rw-p 00000000 00:00 0 
7f3871419000-7f38730e9000 ---p 00000000 00:00 0 
7f38730e9000-7f38732d9000 rw-p 00000000 00:00 0 
7f38732d9000-7f3874fa9000 ---p 00000000 00:00 0 
7f3874fa9000-7f3874fe7000 rw-p 00000000 00:00 0 
7f3874fe7000-7f3875381000 ---p 00000000 00:00 0 
7f3875381000-7f38753bf000 rw-p 00000000 00:00 0 
7f38753bf000-7f3875759000 ---p 00000000 00:00 0 
7f3875759000-7f3875797000 rw-p 00000000 00:00 0 
7f3875797000-7f3875b31000 ---p 00000000 00:00 0 
7f3875b31000-7f3875da1000 rwxp 00000000 00:00 0 
7f3875da1000-7f387cf90000 ---p 00000000 00:00 0 
7f387cf90000-7f387d200000 rwxp 00000000 00:00 0 
7f387d200000-7f387d6d1000 ---p 00000000 00:00 0 
7f387d6d1000-7f387d941000 rwxp 00000000 00:00 0 
7f387d941000-7f3884b31000 ---p 00000000 00:00 0 
7f3884b31000-7f3888000000 r--s 00000000 08:20 369786                     /opt/android-studio/jbr/lib/modules
7f3888000000-7f388814d000 rw-p 00000000 00:00 0 
7f388814d000-7f388c000000 ---p 00000000 00:00 0 
7f388c005000-7f388c007000 r--p 00000000 08:20 28171                      /usr/lib/libbz2.so.1.0.8
7f388c007000-7f388c014000 r-xp 00002000 08:20 28171                      /usr/lib/libbz2.so.1.0.8
7f388c014000-7f388c016000 r--p 0000f000 08:20 28171                      /usr/lib/libbz2.so.1.0.8
7f388c016000-7f388c017000 r--p 00010000 08:20 28171                      /usr/lib/libbz2.so.1.0.8
7f388c017000-7f388c018000 rw-p 00011000 08:20 28171                      /usr/lib/libbz2.so.1.0.8
7f388c018000-7f388c01d000 r--p 00000000 08:20 236533                     /usr/lib/libzip.so.5.5
7f388c01d000-7f388c031000 r-xp 00005000 08:20 236533                     /usr/lib/libzip.so.5.5
7f388c031000-7f388c036000 r--p 00019000 08:20 236533                     /usr/lib/libzip.so.5.5
7f388c036000-7f388c037000 r--p 0001e000 08:20 236533                     /usr/lib/libzip.so.5.5
7f388c037000-7f388c038000 rw-p 0001f000 08:20 236533                     /usr/lib/libzip.so.5.5
7f388c038000-7f388cea3000 rw-p 00000000 00:00 0 
7f388cea3000-7f388cf87000 ---p 00000000 00:00 0 
7f388cf87000-7f388cf8c000 rw-p 00000000 00:00 0 
7f388cf8c000-7f388d070000 ---p 00000000 00:00 0 
7f388d070000-7f388d075000 rw-p 00000000 00:00 0 
7f388d075000-7f388d07f000 ---p 00000000 00:00 0 
7f388d07f000-7f388d091000 r--p 00000000 08:20 369764                     /opt/android-studio/jbr/lib/libjava.so
7f388d091000-7f388d0a3000 r-xp 00011000 08:20 369764                     /opt/android-studio/jbr/lib/libjava.so
7f388d0a3000-7f388d0a5000 r--p 00022000 08:20 369764                     /opt/android-studio/jbr/lib/libjava.so
7f388d0a5000-7f388d0a6000 rw-p 00023000 08:20 369764                     /opt/android-studio/jbr/lib/libjava.so
7f388d0a6000-7f388d0ae000 rw-s 00000000 00:4b 227                        /tmp/hsperfdata_hardstyle/15599
7f388d0ae000-7f388d0af000 ---p 00000000 00:00 0 
7f388d0af000-7f388d0b0000 r--p 00000000 00:00 0 
7f388d0b0000-7f388d0b1000 ---p 00000000 00:00 0 
7f388d0b1000-7f388d0bc000 r--p 00000000 08:20 369768                     /opt/android-studio/jbr/lib/libjimage.so
7f388d0bc000-7f388d0d1000 r-xp 0000a000 08:20 369768                     /opt/android-studio/jbr/lib/libjimage.so
7f388d0d1000-7f388d0d3000 r--p 0001e000 08:20 369768                     /opt/android-studio/jbr/lib/libjimage.so
7f388d0d3000-7f388d0d4000 rw-p 0001f000 08:20 369768                     /opt/android-studio/jbr/lib/libjimage.so
7f388d0d4000-7f388d0d8000 ---p 00000000 00:00 0 
7f388d0d8000-7f388d1d4000 rw-p 00000000 00:00 0 
7f388d1d4000-7f388d1d5000 r--p 00000000 08:20 5748                       /usr/lib/librt.so.1
7f388d1d5000-7f388d1d6000 r-xp 00001000 08:20 5748                       /usr/lib/librt.so.1
7f388d1d6000-7f388d1d7000 r--p 00002000 08:20 5748                       /usr/lib/librt.so.1
7f388d1d7000-7f388d1d8000 r--p 00002000 08:20 5748                       /usr/lib/librt.so.1
7f388d1d8000-7f388d1d9000 rw-p 00003000 08:20 5748                       /usr/lib/librt.so.1
7f388d1d9000-7f388d1e9000 r--p 00000000 08:20 5722                       /usr/lib/libm.so.6
7f388d1e9000-7f388d268000 r-xp 00010000 08:20 5722                       /usr/lib/libm.so.6
7f388d268000-7f388d2c4000 r--p 0008f000 08:20 5722                       /usr/lib/libm.so.6
7f388d2c4000-7f388d2c5000 r--p 000ea000 08:20 5722                       /usr/lib/libm.so.6
7f388d2c5000-7f388d2c6000 rw-p 000eb000 08:20 5722                       /usr/lib/libm.so.6
7f388d2c6000-7f388d802000 r--p 00000000 08:20 369796                     /opt/android-studio/jbr/lib/server/libjvm.so
7f388d802000-7f388e47c000 r-xp 0053b000 08:20 369796                     /opt/android-studio/jbr/lib/server/libjvm.so
7f388e47c000-7f388e53f000 r--p 011b4000 08:20 369796                     /opt/android-studio/jbr/lib/server/libjvm.so
7f388e53f000-7f388e571000 rw-p 01276000 08:20 369796                     /opt/android-studio/jbr/lib/server/libjvm.so
7f388e571000-7f388e5ce000 rw-p 00000000 00:00 0 
7f388e5ce000-7f388e5f4000 r--p 00000000 08:20 5710                       /usr/lib/libc.so.6
7f388e5f4000-7f388e753000 r-xp 00026000 08:20 5710                       /usr/lib/libc.so.6
7f388e753000-7f388e7a8000 r--p 00185000 08:20 5710                       /usr/lib/libc.so.6
7f388e7a8000-7f388e80c000 r--p 001d9000 08:20 5710                       /usr/lib/libc.so.6
7f388e80c000-7f388e80e000 rw-p 0023d000 08:20 5710                       /usr/lib/libc.so.6
7f388e80e000-7f388e81b000 rw-p 00000000 00:00 0 
7f388e81b000-7f388e81c000 r--p 00000000 08:20 5717                       /usr/lib/libdl.so.2
7f388e81c000-7f388e81d000 r-xp 00001000 08:20 5717                       /usr/lib/libdl.so.2
7f388e81d000-7f388e81e000 r--p 00002000 08:20 5717                       /usr/lib/libdl.so.2
7f388e81e000-7f388e81f000 r--p 00002000 08:20 5717                       /usr/lib/libdl.so.2
7f388e81f000-7f388e820000 rw-p 00003000 08:20 5717                       /usr/lib/libdl.so.2
7f388e820000-7f388e821000 r--p 00000000 08:20 5742                       /usr/lib/libpthread.so.0
7f388e821000-7f388e822000 r-xp 00001000 08:20 5742                       /usr/lib/libpthread.so.0
7f388e822000-7f388e823000 r--p 00002000 08:20 5742                       /usr/lib/libpthread.so.0
7f388e823000-7f388e824000 r--p 00002000 08:20 5742                       /usr/lib/libpthread.so.0
7f388e824000-7f388e825000 rw-p 00003000 08:20 5742                       /usr/lib/libpthread.so.0
7f388e825000-7f388e82d000 r--p 00000000 08:20 369769                     /opt/android-studio/jbr/lib/libjli.so
7f388e82d000-7f388e83c000 r-xp 00007000 08:20 369769                     /opt/android-studio/jbr/lib/libjli.so
7f388e83c000-7f388e83d000 r--p 00015000 08:20 369769                     /opt/android-studio/jbr/lib/libjli.so
7f388e83d000-7f388e83e000 rw-p 00015000 08:20 369769                     /opt/android-studio/jbr/lib/libjli.so
7f388e83e000-7f388e840000 rw-p 00000000 00:00 0 
7f388e840000-7f388e841000 r--p 00000000 08:20 5698                       /usr/lib/ld-linux-x86-64.so.2
7f388e841000-7f388e867000 r-xp 00001000 08:20 5698                       /usr/lib/ld-linux-x86-64.so.2
7f388e867000-7f388e871000 r--p 00027000 08:20 5698                       /usr/lib/ld-linux-x86-64.so.2
7f388e871000-7f388e873000 r--p 00031000 08:20 5698                       /usr/lib/ld-linux-x86-64.so.2
7f388e873000-7f388e875000 rw-p 00033000 08:20 5698                       /usr/lib/ld-linux-x86-64.so.2
7ffe2147a000-7ffe2149b000 rw-p 00000000 00:00 0                          [stack]
7ffe21582000-7ffe21586000 r--p 00000000 00:00 0                          [vvar]
7ffe21586000-7ffe21588000 r-xp 00000000 00:00 0                          [vdso]


VM Arguments:
java_command: <unknown>
java_class_path (initial): <not set>
Launcher Type: SUN_STANDARD

[Global flags]
     intx CICompilerCount                          = 12                                        {product} {ergonomic}
     uint ConcGCThreads                            = 3                                         {product} {ergonomic}
     uint G1ConcRefinementThreads                  = 13                                        {product} {ergonomic}
   size_t G1HeapRegionSize                         = 1048576                                   {product} {ergonomic}
    uintx GCDrainStackTargetSize                   = 64                                        {product} {ergonomic}
   size_t InitialHeapSize                          = 130023424                                 {product} {ergonomic}
   size_t MarkStackSize                            = 4194304                                   {product} {ergonomic}
   size_t MaxHeapSize                              = 2063597568                                {product} {ergonomic}
   size_t MaxNewSize                               = 1237319680                                {product} {ergonomic}
   size_t MinHeapDeltaBytes                        = 1048576                                   {product} {ergonomic}
   size_t MinHeapSize                              = 8388608                                   {product} {ergonomic}
    uintx NonNMethodCodeHeapSize                   = 7602480                                {pd product} {ergonomic}
    uintx NonProfiledCodeHeapSize                  = 122027880                              {pd product} {ergonomic}
    uintx ProfiledCodeHeapSize                     = 122027880                              {pd product} {ergonomic}
    uintx ReservedCodeCacheSize                    = 251658240                              {pd product} {ergonomic}
     bool SegmentedCodeCache                       = true                                      {product} {ergonomic}
   size_t SoftMaxHeapSize                          = 2063597568                             {manageable} {ergonomic}
     bool UseCompressedClassPointers               = true                           {product lp64_product} {ergonomic}
     bool UseCompressedOops                        = true                           {product lp64_product} {ergonomic}
     bool UseG1GC                                  = true                                      {product} {ergonomic}

Logging:
Log output configuration:
 #0: stdout all=warning uptime,level,tags
 #1: stderr all=off uptime,level,tags

Environment Variables:
JAVA_HOME=/usr/lib/jvm/java-8-openjdk
PATH=/home/hardstyle/Android/Sdk/cmdline-tools/latest/bin:/home/hardstyle/flutter/bin/:/home/hardstyle/.vscode-server/bin/8b617bd08fd9e3fc94d14adb8d358b56e3f72314/bin/remote-cli:/home/hardstyle/.local/share/pnpm:/usr/local/sbin:/usr/local/bin:/usr/sbin:/usr/bin:/sbin:/bin:/usr/games:/usr/local/games:/usr/lib/wsl/lib:/mnt/c/Python311/Scripts/:/mnt/c/Python311/:/mnt/c/Program Files/Common Files/Oracle/Java/javapath:/mnt/c/Windows/system32:/mnt/c/Windows:/mnt/c/Windows/System32/Wbem:/mnt/c/Windows/System32/WindowsPowerShell/v1.0/:/mnt/c/Windows/System32/OpenSSH/:/mnt/c/Program Files/NVIDIA Corporation/NVIDIA NvDLISR:/mnt/c/Program Files (x86)/NVIDIA Corporation/PhysX/Common:/mnt/c/Program Files/dotnet/:/mnt/c/WINDOWS/system32:/mnt/c/WINDOWS:/mnt/c/WINDOWS/System32/Wbem:/mnt/c/WINDOWS/System32/WindowsPowerShell/v1.0/:/mnt/c/WINDOWS/System32/OpenSSH/:/mnt/c/ProgramData/chocolatey/bin:/mnt/c/Program Files/nodejs/:/mnt/c/ProgramData/ComposerSetup/bin:/mnt/c/Program Files/Git/cmd:/mnt/c/Program Files/Bandizip/:/mnt/c/Users/kilki/AppData/Local/Programs/cursor/resources/app/bin:/mnt/c/Users/kilki/.console-ninja/.bin:/mnt/c/Users/kilki/OneDrive/Bureau/platform-tools:/mnt/c/Users/kilki/scoop/shims:/mnt/c/Program Files/MySQL/MySQL Shell 8.0/bin/:/mnt/c/Users/kilki/AppData/Local/Microsoft/WindowsApps:/mnt/c/Program Files/Eclipse Adoptium/jdk-17.0.7.7-hotspot/bin:/mnt/c/Users/kilki/.dotnet/tools:/mnt/c/Users/kilki/AppData/Roaming/npm:/mnt/c/xampp/php:/mnt/c/Users/kilki/AppData/Roaming/Composer/vendor/bin:/mnt/c/Program Files/MySQL/MySQL Server 8.0/bin:/mnt/c/Program Files/JetBrains/PhpStorm 2023.1.3/bin:/mnt/c/Users/kilki/Microsoft VS Code/bin:/mnt/c/tools/dart-sdk/bin:/mnt/c/Users/kilki/AppData/Local/Pub/Cache/bin:/usr/bin/site_perl:/usr/bin/vendor_perl:/usr/bin/core_perl:/var/lib/snapd/snap/bin:/home/hardstyle/flutter/bin:/home/hardstyle/flutter/bin
LD_LIBRARY_PATH=:/usr/lib
SHELL=/bin/fish
DISPLAY=:0
HOSTTYPE=x86_64
LANG=fr_FR.UTF-8
TERM=xterm-256color

Signal Handlers:
   SIGSEGV: crash_handler in libjvm.so, mask=11100100010111111101111111111110, flags=SA_RESTART|SA_SIGINFO
    SIGBUS: crash_handler in libjvm.so, mask=11100100010111111101111111111110, flags=SA_RESTART|SA_SIGINFO
    SIGFPE: crash_handler in libjvm.so, mask=11100100010111111101111111111110, flags=SA_RESTART|SA_SIGINFO
   SIGPIPE: javaSignalHandler in libjvm.so, mask=11100100010111111101111111111110, flags=SA_RESTART|SA_SIGINFO
   SIGXFSZ: javaSignalHandler in libjvm.so, mask=11100100010111111101111111111110, flags=SA_RESTART|SA_SIGINFO
    SIGILL: crash_handler in libjvm.so, mask=11100100010111111101111111111110, flags=SA_RESTART|SA_SIGINFO
   SIGUSR2: SR_handler in libjvm.so, mask=00000000000000000000010000000000, flags=SA_RESTART|SA_SIGINFO
    SIGHUP: SIG_DFL, mask=00000000000000000000000000000000, flags=none
    SIGINT: SIG_DFL, mask=00000000000000000000000000000000, flags=none
   SIGTERM: SIG_DFL, mask=00000000000000000000000000000000, flags=none
   SIGQUIT: UserHandler in libjvm.so, mask=11100100010111111101111111111110, flags=SA_RESTART|SA_SIGINFO
   SIGTRAP: crash_handler in libjvm.so, mask=11100100010111111101111111111110, flags=SA_RESTART|SA_SIGINFO

JNI global refs:

[error occurred during error reporting (JNI global references), id 0xb, SIGSEGV (0xb) at pc=0x00007f388e127974]


---------------  S Y S T E M  ---------------

OS:
NAME="Arch Linux"
PRETTY_NAME="Arch Linux"
ID=arch
BUILD_ID=rolling
ANSI_COLOR="38;2;23;147;209"
HOME_URL="https://archlinux.org/"
DOCUMENTATION_URL="https://wiki.archlinux.org/"
SUPPORT_URL="https://bbs.archlinux.org/"
BUG_REPORT_URL="https://bugs.archlinux.org/"
PRIVACY_POLICY_URL="https://terms.archlinux.org/docs/privacy-policy/"
LOGO=archlinux-logo
uname: Linux 5.15.90.1-microsoft-standard-WSL2 #1 SMP Fri Jan 27 02:56:13 UTC 2023 x86_64
OS uptime: 0 days 0:15 hours
libc: glibc 2.38 NPTL 2.38 
rlimit (soft/hard): STACK 8192k/infinity , CORE 0k/infinity , NPROC 31455/31455 , NOFILE 1048576/1048576 , AS infinity/infinity , CPU infinity/infinity , DATA infinity/infinity , FSIZE infinity/infinity , MEMLOCK 65536k/65536k
load average: 0.64 0.56 0.39

/proc/meminfo:
MemTotal:        8059164 kB
MemFree:         2312340 kB
MemAvailable:    2786572 kB
Buffers:           41036 kB
Cached:           547876 kB
SwapCached:        13432 kB
Active:           384964 kB
Inactive:        4666196 kB
Active(anon):      38868 kB
Inactive(anon):  4451580 kB
Active(file):     346096 kB
Inactive(file):   214616 kB
Unevictable:           0 kB
Mlocked:               0 kB
SwapTotal:       2097152 kB
SwapFree:        1613240 kB
Dirty:               136 kB
Writeback:             0 kB
AnonPages:       4432500 kB
Mapped:           232916 kB
Shmem:             27224 kB
KReclaimable:     213992 kB
Slab:             315188 kB
SReclaimable:     213992 kB
SUnreclaim:       101196 kB
KernelStack:       14336 kB
PageTables:        85748 kB
NFS_Unstable:          0 kB
Bounce:                0 kB
WritebackTmp:          0 kB
CommitLimit:     6126732 kB
Committed_AS:    7805984 kB
VmallocTotal:   34359738367 kB
VmallocUsed:       36452 kB
VmallocChunk:          0 kB
Percpu:             7808 kB
AnonHugePages:   1015808 kB
ShmemHugePages:        0 kB
ShmemPmdMapped:        0 kB
FileHugePages:         0 kB
FilePmdMapped:         0 kB
HugePages_Total:       0
HugePages_Free:        0
HugePages_Rsvd:        0
HugePages_Surp:        0
Hugepagesize:       2048 kB
Hugetlb:               0 kB
DirectMap4k:      160768 kB
DirectMap2M:     8151040 kB
DirectMap1G:     9437184 kB

/sys/kernel/mm/transparent_hugepage/enabled: [always] madvise never
/sys/kernel/mm/transparent_hugepage/defrag (defrag/compaction efforts parameter): always defer defer+madvise [madvise] never

Process Memory:
Virtual Size: 3943768K (peak: 3943768K)
Resident Set Size: 23840K (peak: 23840K) (anon: 8424K, file: 15384K, shmem: 32K)
Swapped out: 0K
C-Heap outstanding allocations: 33389K, retained: 774K
glibc malloc tunables: (default)

/proc/sys/kernel/threads-max (system-wide limit on the number of threads): 62911
/proc/sys/vm/max_map_count (maximum number of memory map areas a process may have): 65530
/proc/sys/kernel/pid_max (system-wide limit on number of process identifiers): 4194304

container (cgroup) information:
container_type: cgroupv1
cpu_cpuset_cpus: 0-15
cpu_memory_nodes: 0
active_processor_count: 16
cpu_quota: no quota
cpu_period: 100000
cpu_shares: no shares
memory_limit_in_bytes: unlimited
memory_and_swap_limit_in_bytes: unlimited
memory_soft_limit_in_bytes: unlimited
memory_usage_in_bytes: 5022548 k
memory_max_usage_in_bytes: 1105728 k
kernel_memory_usage_in_bytes: 33148 k
kernel_memory_max_usage_in_bytes: unlimited
kernel_memory_limit_in_bytes: 61380 k
maximum number of tasks: not supported
current number of tasks: not supported

Hyper-V virtualization detected
Steal ticks since vm start: 0
Steal ticks percentage since vm start:  0.000

CPU: total 16 (initial active 16) (16 cores per cpu, 2 threads per core) family 25 model 80 stepping 0 microcode 0xffffffff, cx8, cmov, fxsr, ht, mmx, 3dnowpref, sse, sse2, sse3, ssse3, sse4a, sse4.1, sse4.2, popcnt, lzcnt, tsc, tscinvbit, avx, avx2, aes, erms, clmul, bmi1, bmi2, adx, sha, fma, vzeroupper, clflush, clflushopt, hv
CPU Model and flags from /proc/cpuinfo:
model name	: AMD Ryzen 7 5800H with Radeon Graphics
flags		: fpu vme de pse tsc msr pae mce cx8 apic sep mtrr pge mca cmov pat pse36 clflush mmx fxsr sse sse2 ht syscall nx mmxext fxsr_opt pdpe1gb rdtscp lm constant_tsc rep_good nopl tsc_reliable nonstop_tsc cpuid extd_apicid pni pclmulqdq ssse3 fma cx16 sse4_1 sse4_2 movbe popcnt aes xsave avx f16c rdrand hypervisor lahf_lm cmp_legacy svm cr8_legacy abm sse4a misalignsse 3dnowprefetch osvw topoext perfctr_core ssbd ibrs ibpb stibp vmmcall fsgsbase bmi1 avx2 smep bmi2 erms invpcid rdseed adx smap clflushopt clwb sha_ni xsaveopt xsavec xgetbv1 xsaves clzero xsaveerptr arat npt nrip_save tsc_scale vmcb_clean flushbyasid decodeassists pausefilter pfthreshold v_vmsave_vmload umip vaes vpclmulqdq rdpid fsrm

Online cpus: 0-15
Offline cpus: 
BIOS frequency limitation: <Not Available>
Frequency switch latency (ns): <Not Available>
Available cpu frequencies: <Not Available>
Current governor: <Not Available>
Core performance/turbo boost: <Not Available>

Memory: 4k page, physical 8059164k(2311332k free), swap 2097152k(1613240k free)
Page Sizes: 4k

vm_info: OpenJDK 64-Bit Server VM (17.0.6+0-17.0.6b829.9-10027231) for linux-amd64 JRE (17.0.6+0-17.0.6b829.9-10027231), built on Apr 27 2023 23:19:43 by "androidbuild" with clang Android (7284624, based on r416183b) Clang 12.0.5 (https://android.googlesource.com/toolchain/llvm-project c935d99d7cf2016289302412d708641d52d2f7ee)

END.
