#
# A fatal error has been detected by the Java Runtime Environment:
#
#  SIGSEGV (0xb) at pc=0x0000000000000000, pid=14878, tid=14879
#
# JRE version:  (17.0.6) (build )
# Java VM: OpenJDK 64-Bit Server VM (17.0.6+0-17.0.6b829.9-10027231, mixed mode, tiered, compressed oops, compressed class ptrs, g1 gc, linux-amd64)
# Problematic frame:
# C  0x0000000000000000
#
# Core dump will be written. Default location: Core dumps may be processed with "/usr/lib/systemd/systemd-coredump %P %u %g %s %t %c %h" (or dumping to /home/hardstyle/projects/RenconSport/RenconSport_Flutter_Mobile/core.14878)
#
#

---------------  S U M M A R Y ------------

Command Line: 

Host: AMD Ryzen 7 5800H with Radeon Graphics, 16 cores, 7G, Arch Linux
Time: Mon Sep 18 08:52:41 2023 CEST elapsed time: 0.004622 seconds (0d 0h 0m 0s)

---------------  T H R E A D  ---------------

Current thread (0x00007f711c025ce0):  JavaThread "Unknown thread" [_thread_in_vm, id=14879, stack(0x00007f7123360000,0x00007f7123460000)]

Stack: [0x00007f7123360000,0x00007f7123460000],  sp=0x00007f712345e388,  free space=1016k

siginfo: si_signo: 11 (SIGSEGV), si_code: 1 (SEGV_MAPERR), si_addr: 0x0000000000000000

Registers:
RAX=0x00007f712335d3d0, RBX=0x00007f711c1483a0, RCX=0x0000000000000767, RDX=0x00007f711c1483a0
RSP=0x00007f712345e388, RBP=0x00007f712345e3a0, RSI=0x0000000000000411, RDI=0x00007f7118d90fa0
R8 =0x00007f712345e398, R9 =0x0000000000000001, R10=0x00007f7124867588, R11=0x00007f71249b9b10
R12=0x00007f711c14b390, R13=0x00007f7118c084da, R14=0x00007f712345e450, R15=0x00007f711c14b370
RIP=0x0000000000000000, EFLAGS=0x0000000000010206, CSGSFS=0x002b000000000033, ERR=0x0000000000000014
  TRAPNO=0x000000000000000e

Top of Stack: (sp=0x00007f712345e388)
0x00007f712345e388:   00007f7123349275 0000000000000000
0x00007f712345e398:   0000000000000000 00007f712345e440
0x00007f712345e3a8:   00007f7123349203 00007f712345e490
0x00007f712345e3b8:   00007f71cafefafa 0000000000000411 

Instructions: (pc=0x0000000000000000)
0xffffffffffffff00:   



---------------  P R O C E S S  ---------------

Threads class SMR info:
_java_thread_list=0x00007f712484b8a8, length=0, elements={
}

Java Threads: ( => current thread )

Other Threads:
  0x00007f711c081590 GCTaskThread "GC Thread#0" [stack: 0x00007f71216d8000,0x00007f71217d8000] [id=14880]
  0x00007f711c0921b0 ConcurrentGCThread "G1 Main Marker" [stack: 0x00007f71215d6000,0x00007f71216d6000] [id=14881]
  0x00007f711c093110 ConcurrentGCThread "G1 Conc#0" [stack: 0x00007f71214d4000,0x00007f71215d4000] [id=14882]
  0x00007f711c11e990 ConcurrentGCThread "G1 Refine#0" [stack: 0x00007f71206c5000,0x00007f71207c5000] [id=14883]
  0x00007f711c11f880 ConcurrentGCThread "G1 Service" [stack: 0x00007f71205c3000,0x00007f71206c3000] [id=14884]

=>0x00007f711c025ce0 (exited) JavaThread "Unknown thread" [_thread_in_vm, id=14879, stack(0x00007f7123360000,0x00007f7123460000)]

Threads with active compile tasks:

VM state: not at safepoint (not fully initialized)

VM Mutex/Monitor currently owned by a thread: None

Heap address: 0x0000000085000000, size: 1968 MB, Compressed Oops mode: 32-bit

CDS archive(s) not mapped
Compressed class space mapped at: 0x0000000100000000-0x0000000140000000, reserved size: 1073741824
Narrow klass base: 0x0000000000000000, Narrow klass shift: 3, Narrow klass range: 0x140000000

GC Precious Log:
 CPUs: 16 total, 16 available
 Memory: 7870M
 Large Page Support: Disabled
 NUMA Support: Disabled
 Compressed Oops: Enabled (32-bit)
 Heap Region Size: 1M
 Heap Min Capacity: 8M
 Heap Initial Capacity: 124M
 Heap Max Capacity: 1968M
 Pre-touch: Disabled
 Parallel Workers: 13
 Concurrent Workers: 3
 Concurrent Refinement Workers: 13
 Periodic GC: Disabled

Heap:
 garbage-first heap   total 126976K, used 0K [0x0000000085000000, 0x0000000100000000)
  region size 1024K, 0 young (0K), 0 survivors (0K)
 Metaspace       used 4K, committed 128K, reserved 1056768K
  class space    used 4K, committed 64K, reserved 1048576K

Heap Regions: E=young(eden), S=young(survivor), O=old, HS=humongous(starts), HC=humongous(continues), CS=collection set, F=free, OA=open archive, CA=closed archive, TAMS=top-at-mark-start (previous, next)
|   0|0x0000000085000000, 0x0000000085000000, 0x0000000085100000|  0%| F|  |TAMS 0x0000000085000000, 0x0000000085000000| Untracked 
|   1|0x0000000085100000, 0x0000000085100000, 0x0000000085200000|  0%| F|  |TAMS 0x0000000085100000, 0x0000000085100000| Untracked 
|   2|0x0000000085200000, 0x0000000085200000, 0x0000000085300000|  0%| F|  |TAMS 0x0000000085200000, 0x0000000085200000| Untracked 
|   3|0x0000000085300000, 0x0000000085300000, 0x0000000085400000|  0%| F|  |TAMS 0x0000000085300000, 0x0000000085300000| Untracked 
|   4|0x0000000085400000, 0x0000000085400000, 0x0000000085500000|  0%| F|  |TAMS 0x0000000085400000, 0x0000000085400000| Untracked 
|   5|0x0000000085500000, 0x0000000085500000, 0x0000000085600000|  0%| F|  |TAMS 0x0000000085500000, 0x0000000085500000| Untracked 
|   6|0x0000000085600000, 0x0000000085600000, 0x0000000085700000|  0%| F|  |TAMS 0x0000000085600000, 0x0000000085600000| Untracked 
|   7|0x0000000085700000, 0x0000000085700000, 0x0000000085800000|  0%| F|  |TAMS 0x0000000085700000, 0x0000000085700000| Untracked 
|   8|0x0000000085800000, 0x0000000085800000, 0x0000000085900000|  0%| F|  |TAMS 0x0000000085800000, 0x0000000085800000| Untracked 
|   9|0x0000000085900000, 0x0000000085900000, 0x0000000085a00000|  0%| F|  |TAMS 0x0000000085900000, 0x0000000085900000| Untracked 
|  10|0x0000000085a00000, 0x0000000085a00000, 0x0000000085b00000|  0%| F|  |TAMS 0x0000000085a00000, 0x0000000085a00000| Untracked 
|  11|0x0000000085b00000, 0x0000000085b00000, 0x0000000085c00000|  0%| F|  |TAMS 0x0000000085b00000, 0x0000000085b00000| Untracked 
|  12|0x0000000085c00000, 0x0000000085c00000, 0x0000000085d00000|  0%| F|  |TAMS 0x0000000085c00000, 0x0000000085c00000| Untracked 
|  13|0x0000000085d00000, 0x0000000085d00000, 0x0000000085e00000|  0%| F|  |TAMS 0x0000000085d00000, 0x0000000085d00000| Untracked 
|  14|0x0000000085e00000, 0x0000000085e00000, 0x0000000085f00000|  0%| F|  |TAMS 0x0000000085e00000, 0x0000000085e00000| Untracked 
|  15|0x0000000085f00000, 0x0000000085f00000, 0x0000000086000000|  0%| F|  |TAMS 0x0000000085f00000, 0x0000000085f00000| Untracked 
|  16|0x0000000086000000, 0x0000000086000000, 0x0000000086100000|  0%| F|  |TAMS 0x0000000086000000, 0x0000000086000000| Untracked 
|  17|0x0000000086100000, 0x0000000086100000, 0x0000000086200000|  0%| F|  |TAMS 0x0000000086100000, 0x0000000086100000| Untracked 
|  18|0x0000000086200000, 0x0000000086200000, 0x0000000086300000|  0%| F|  |TAMS 0x0000000086200000, 0x0000000086200000| Untracked 
|  19|0x0000000086300000, 0x0000000086300000, 0x0000000086400000|  0%| F|  |TAMS 0x0000000086300000, 0x0000000086300000| Untracked 
|  20|0x0000000086400000, 0x0000000086400000, 0x0000000086500000|  0%| F|  |TAMS 0x0000000086400000, 0x0000000086400000| Untracked 
|  21|0x0000000086500000, 0x0000000086500000, 0x0000000086600000|  0%| F|  |TAMS 0x0000000086500000, 0x0000000086500000| Untracked 
|  22|0x0000000086600000, 0x0000000086600000, 0x0000000086700000|  0%| F|  |TAMS 0x0000000086600000, 0x0000000086600000| Untracked 
|  23|0x0000000086700000, 0x0000000086700000, 0x0000000086800000|  0%| F|  |TAMS 0x0000000086700000, 0x0000000086700000| Untracked 
|  24|0x0000000086800000, 0x0000000086800000, 0x0000000086900000|  0%| F|  |TAMS 0x0000000086800000, 0x0000000086800000| Untracked 
|  25|0x0000000086900000, 0x0000000086900000, 0x0000000086a00000|  0%| F|  |TAMS 0x0000000086900000, 0x0000000086900000| Untracked 
|  26|0x0000000086a00000, 0x0000000086a00000, 0x0000000086b00000|  0%| F|  |TAMS 0x0000000086a00000, 0x0000000086a00000| Untracked 
|  27|0x0000000086b00000, 0x0000000086b00000, 0x0000000086c00000|  0%| F|  |TAMS 0x0000000086b00000, 0x0000000086b00000| Untracked 
|  28|0x0000000086c00000, 0x0000000086c00000, 0x0000000086d00000|  0%| F|  |TAMS 0x0000000086c00000, 0x0000000086c00000| Untracked 
|  29|0x0000000086d00000, 0x0000000086d00000, 0x0000000086e00000|  0%| F|  |TAMS 0x0000000086d00000, 0x0000000086d00000| Untracked 
|  30|0x0000000086e00000, 0x0000000086e00000, 0x0000000086f00000|  0%| F|  |TAMS 0x0000000086e00000, 0x0000000086e00000| Untracked 
|  31|0x0000000086f00000, 0x0000000086f00000, 0x0000000087000000|  0%| F|  |TAMS 0x0000000086f00000, 0x0000000086f00000| Untracked 
|  32|0x0000000087000000, 0x0000000087000000, 0x0000000087100000|  0%| F|  |TAMS 0x0000000087000000, 0x0000000087000000| Untracked 
|  33|0x0000000087100000, 0x0000000087100000, 0x0000000087200000|  0%| F|  |TAMS 0x0000000087100000, 0x0000000087100000| Untracked 
|  34|0x0000000087200000, 0x0000000087200000, 0x0000000087300000|  0%| F|  |TAMS 0x0000000087200000, 0x0000000087200000| Untracked 
|  35|0x0000000087300000, 0x0000000087300000, 0x0000000087400000|  0%| F|  |TAMS 0x0000000087300000, 0x0000000087300000| Untracked 
|  36|0x0000000087400000, 0x0000000087400000, 0x0000000087500000|  0%| F|  |TAMS 0x0000000087400000, 0x0000000087400000| Untracked 
|  37|0x0000000087500000, 0x0000000087500000, 0x0000000087600000|  0%| F|  |TAMS 0x0000000087500000, 0x0000000087500000| Untracked 
|  38|0x0000000087600000, 0x0000000087600000, 0x0000000087700000|  0%| F|  |TAMS 0x0000000087600000, 0x0000000087600000| Untracked 
|  39|0x0000000087700000, 0x0000000087700000, 0x0000000087800000|  0%| F|  |TAMS 0x0000000087700000, 0x0000000087700000| Untracked 
|  40|0x0000000087800000, 0x0000000087800000, 0x0000000087900000|  0%| F|  |TAMS 0x0000000087800000, 0x0000000087800000| Untracked 
|  41|0x0000000087900000, 0x0000000087900000, 0x0000000087a00000|  0%| F|  |TAMS 0x0000000087900000, 0x0000000087900000| Untracked 
|  42|0x0000000087a00000, 0x0000000087a00000, 0x0000000087b00000|  0%| F|  |TAMS 0x0000000087a00000, 0x0000000087a00000| Untracked 
|  43|0x0000000087b00000, 0x0000000087b00000, 0x0000000087c00000|  0%| F|  |TAMS 0x0000000087b00000, 0x0000000087b00000| Untracked 
|  44|0x0000000087c00000, 0x0000000087c00000, 0x0000000087d00000|  0%| F|  |TAMS 0x0000000087c00000, 0x0000000087c00000| Untracked 
|  45|0x0000000087d00000, 0x0000000087d00000, 0x0000000087e00000|  0%| F|  |TAMS 0x0000000087d00000, 0x0000000087d00000| Untracked 
|  46|0x0000000087e00000, 0x0000000087e00000, 0x0000000087f00000|  0%| F|  |TAMS 0x0000000087e00000, 0x0000000087e00000| Untracked 
|  47|0x0000000087f00000, 0x0000000087f00000, 0x0000000088000000|  0%| F|  |TAMS 0x0000000087f00000, 0x0000000087f00000| Untracked 
|  48|0x0000000088000000, 0x0000000088000000, 0x0000000088100000|  0%| F|  |TAMS 0x0000000088000000, 0x0000000088000000| Untracked 
|  49|0x0000000088100000, 0x0000000088100000, 0x0000000088200000|  0%| F|  |TAMS 0x0000000088100000, 0x0000000088100000| Untracked 
|  50|0x0000000088200000, 0x0000000088200000, 0x0000000088300000|  0%| F|  |TAMS 0x0000000088200000, 0x0000000088200000| Untracked 
|  51|0x0000000088300000, 0x0000000088300000, 0x0000000088400000|  0%| F|  |TAMS 0x0000000088300000, 0x0000000088300000| Untracked 
|  52|0x0000000088400000, 0x0000000088400000, 0x0000000088500000|  0%| F|  |TAMS 0x0000000088400000, 0x0000000088400000| Untracked 
|  53|0x0000000088500000, 0x0000000088500000, 0x0000000088600000|  0%| F|  |TAMS 0x0000000088500000, 0x0000000088500000| Untracked 
|  54|0x0000000088600000, 0x0000000088600000, 0x0000000088700000|  0%| F|  |TAMS 0x0000000088600000, 0x0000000088600000| Untracked 
|  55|0x0000000088700000, 0x0000000088700000, 0x0000000088800000|  0%| F|  |TAMS 0x0000000088700000, 0x0000000088700000| Untracked 
|  56|0x0000000088800000, 0x0000000088800000, 0x0000000088900000|  0%| F|  |TAMS 0x0000000088800000, 0x0000000088800000| Untracked 
|  57|0x0000000088900000, 0x0000000088900000, 0x0000000088a00000|  0%| F|  |TAMS 0x0000000088900000, 0x0000000088900000| Untracked 
|  58|0x0000000088a00000, 0x0000000088a00000, 0x0000000088b00000|  0%| F|  |TAMS 0x0000000088a00000, 0x0000000088a00000| Untracked 
|  59|0x0000000088b00000, 0x0000000088b00000, 0x0000000088c00000|  0%| F|  |TAMS 0x0000000088b00000, 0x0000000088b00000| Untracked 
|  60|0x0000000088c00000, 0x0000000088c00000, 0x0000000088d00000|  0%| F|  |TAMS 0x0000000088c00000, 0x0000000088c00000| Untracked 
|  61|0x0000000088d00000, 0x0000000088d00000, 0x0000000088e00000|  0%| F|  |TAMS 0x0000000088d00000, 0x0000000088d00000| Untracked 
|  62|0x0000000088e00000, 0x0000000088e00000, 0x0000000088f00000|  0%| F|  |TAMS 0x0000000088e00000, 0x0000000088e00000| Untracked 
|  63|0x0000000088f00000, 0x0000000088f00000, 0x0000000089000000|  0%| F|  |TAMS 0x0000000088f00000, 0x0000000088f00000| Untracked 
|  64|0x0000000089000000, 0x0000000089000000, 0x0000000089100000|  0%| F|  |TAMS 0x0000000089000000, 0x0000000089000000| Untracked 
|  65|0x0000000089100000, 0x0000000089100000, 0x0000000089200000|  0%| F|  |TAMS 0x0000000089100000, 0x0000000089100000| Untracked 
|  66|0x0000000089200000, 0x0000000089200000, 0x0000000089300000|  0%| F|  |TAMS 0x0000000089200000, 0x0000000089200000| Untracked 
|  67|0x0000000089300000, 0x0000000089300000, 0x0000000089400000|  0%| F|  |TAMS 0x0000000089300000, 0x0000000089300000| Untracked 
|  68|0x0000000089400000, 0x0000000089400000, 0x0000000089500000|  0%| F|  |TAMS 0x0000000089400000, 0x0000000089400000| Untracked 
|  69|0x0000000089500000, 0x0000000089500000, 0x0000000089600000|  0%| F|  |TAMS 0x0000000089500000, 0x0000000089500000| Untracked 
|  70|0x0000000089600000, 0x0000000089600000, 0x0000000089700000|  0%| F|  |TAMS 0x0000000089600000, 0x0000000089600000| Untracked 
|  71|0x0000000089700000, 0x0000000089700000, 0x0000000089800000|  0%| F|  |TAMS 0x0000000089700000, 0x0000000089700000| Untracked 
|  72|0x0000000089800000, 0x0000000089800000, 0x0000000089900000|  0%| F|  |TAMS 0x0000000089800000, 0x0000000089800000| Untracked 
|  73|0x0000000089900000, 0x0000000089900000, 0x0000000089a00000|  0%| F|  |TAMS 0x0000000089900000, 0x0000000089900000| Untracked 
|  74|0x0000000089a00000, 0x0000000089a00000, 0x0000000089b00000|  0%| F|  |TAMS 0x0000000089a00000, 0x0000000089a00000| Untracked 
|  75|0x0000000089b00000, 0x0000000089b00000, 0x0000000089c00000|  0%| F|  |TAMS 0x0000000089b00000, 0x0000000089b00000| Untracked 
|  76|0x0000000089c00000, 0x0000000089c00000, 0x0000000089d00000|  0%| F|  |TAMS 0x0000000089c00000, 0x0000000089c00000| Untracked 
|  77|0x0000000089d00000, 0x0000000089d00000, 0x0000000089e00000|  0%| F|  |TAMS 0x0000000089d00000, 0x0000000089d00000| Untracked 
|  78|0x0000000089e00000, 0x0000000089e00000, 0x0000000089f00000|  0%| F|  |TAMS 0x0000000089e00000, 0x0000000089e00000| Untracked 
|  79|0x0000000089f00000, 0x0000000089f00000, 0x000000008a000000|  0%| F|  |TAMS 0x0000000089f00000, 0x0000000089f00000| Untracked 
|  80|0x000000008a000000, 0x000000008a000000, 0x000000008a100000|  0%| F|  |TAMS 0x000000008a000000, 0x000000008a000000| Untracked 
|  81|0x000000008a100000, 0x000000008a100000, 0x000000008a200000|  0%| F|  |TAMS 0x000000008a100000, 0x000000008a100000| Untracked 
|  82|0x000000008a200000, 0x000000008a200000, 0x000000008a300000|  0%| F|  |TAMS 0x000000008a200000, 0x000000008a200000| Untracked 
|  83|0x000000008a300000, 0x000000008a300000, 0x000000008a400000|  0%| F|  |TAMS 0x000000008a300000, 0x000000008a300000| Untracked 
|  84|0x000000008a400000, 0x000000008a400000, 0x000000008a500000|  0%| F|  |TAMS 0x000000008a400000, 0x000000008a400000| Untracked 
|  85|0x000000008a500000, 0x000000008a500000, 0x000000008a600000|  0%| F|  |TAMS 0x000000008a500000, 0x000000008a500000| Untracked 
|  86|0x000000008a600000, 0x000000008a600000, 0x000000008a700000|  0%| F|  |TAMS 0x000000008a600000, 0x000000008a600000| Untracked 
|  87|0x000000008a700000, 0x000000008a700000, 0x000000008a800000|  0%| F|  |TAMS 0x000000008a700000, 0x000000008a700000| Untracked 
|  88|0x000000008a800000, 0x000000008a800000, 0x000000008a900000|  0%| F|  |TAMS 0x000000008a800000, 0x000000008a800000| Untracked 
|  89|0x000000008a900000, 0x000000008a900000, 0x000000008aa00000|  0%| F|  |TAMS 0x000000008a900000, 0x000000008a900000| Untracked 
|  90|0x000000008aa00000, 0x000000008aa00000, 0x000000008ab00000|  0%| F|  |TAMS 0x000000008aa00000, 0x000000008aa00000| Untracked 
|  91|0x000000008ab00000, 0x000000008ab00000, 0x000000008ac00000|  0%| F|  |TAMS 0x000000008ab00000, 0x000000008ab00000| Untracked 
|  92|0x000000008ac00000, 0x000000008ac00000, 0x000000008ad00000|  0%| F|  |TAMS 0x000000008ac00000, 0x000000008ac00000| Untracked 
|  93|0x000000008ad00000, 0x000000008ad00000, 0x000000008ae00000|  0%| F|  |TAMS 0x000000008ad00000, 0x000000008ad00000| Untracked 
|  94|0x000000008ae00000, 0x000000008ae00000, 0x000000008af00000|  0%| F|  |TAMS 0x000000008ae00000, 0x000000008ae00000| Untracked 
|  95|0x000000008af00000, 0x000000008af00000, 0x000000008b000000|  0%| F|  |TAMS 0x000000008af00000, 0x000000008af00000| Untracked 
|  96|0x000000008b000000, 0x000000008b000000, 0x000000008b100000|  0%| F|  |TAMS 0x000000008b000000, 0x000000008b000000| Untracked 
|  97|0x000000008b100000, 0x000000008b100000, 0x000000008b200000|  0%| F|  |TAMS 0x000000008b100000, 0x000000008b100000| Untracked 
|  98|0x000000008b200000, 0x000000008b200000, 0x000000008b300000|  0%| F|  |TAMS 0x000000008b200000, 0x000000008b200000| Untracked 
|  99|0x000000008b300000, 0x000000008b300000, 0x000000008b400000|  0%| F|  |TAMS 0x000000008b300000, 0x000000008b300000| Untracked 
| 100|0x000000008b400000, 0x000000008b400000, 0x000000008b500000|  0%| F|  |TAMS 0x000000008b400000, 0x000000008b400000| Untracked 
| 101|0x000000008b500000, 0x000000008b500000, 0x000000008b600000|  0%| F|  |TAMS 0x000000008b500000, 0x000000008b500000| Untracked 
| 102|0x000000008b600000, 0x000000008b600000, 0x000000008b700000|  0%| F|  |TAMS 0x000000008b600000, 0x000000008b600000| Untracked 
| 103|0x000000008b700000, 0x000000008b700000, 0x000000008b800000|  0%| F|  |TAMS 0x000000008b700000, 0x000000008b700000| Untracked 
| 104|0x000000008b800000, 0x000000008b800000, 0x000000008b900000|  0%| F|  |TAMS 0x000000008b800000, 0x000000008b800000| Untracked 
| 105|0x000000008b900000, 0x000000008b900000, 0x000000008ba00000|  0%| F|  |TAMS 0x000000008b900000, 0x000000008b900000| Untracked 
| 106|0x000000008ba00000, 0x000000008ba00000, 0x000000008bb00000|  0%| F|  |TAMS 0x000000008ba00000, 0x000000008ba00000| Untracked 
| 107|0x000000008bb00000, 0x000000008bb00000, 0x000000008bc00000|  0%| F|  |TAMS 0x000000008bb00000, 0x000000008bb00000| Untracked 
| 108|0x000000008bc00000, 0x000000008bc00000, 0x000000008bd00000|  0%| F|  |TAMS 0x000000008bc00000, 0x000000008bc00000| Untracked 
| 109|0x000000008bd00000, 0x000000008bd00000, 0x000000008be00000|  0%| F|  |TAMS 0x000000008bd00000, 0x000000008bd00000| Untracked 
| 110|0x000000008be00000, 0x000000008be00000, 0x000000008bf00000|  0%| F|  |TAMS 0x000000008be00000, 0x000000008be00000| Untracked 
| 111|0x000000008bf00000, 0x000000008bf00000, 0x000000008c000000|  0%| F|  |TAMS 0x000000008bf00000, 0x000000008bf00000| Untracked 
| 112|0x000000008c000000, 0x000000008c000000, 0x000000008c100000|  0%| F|  |TAMS 0x000000008c000000, 0x000000008c000000| Untracked 
| 113|0x000000008c100000, 0x000000008c100000, 0x000000008c200000|  0%| F|  |TAMS 0x000000008c100000, 0x000000008c100000| Untracked 
| 114|0x000000008c200000, 0x000000008c200000, 0x000000008c300000|  0%| F|  |TAMS 0x000000008c200000, 0x000000008c200000| Untracked 
| 115|0x000000008c300000, 0x000000008c300000, 0x000000008c400000|  0%| F|  |TAMS 0x000000008c300000, 0x000000008c300000| Untracked 
| 116|0x000000008c400000, 0x000000008c400000, 0x000000008c500000|  0%| F|  |TAMS 0x000000008c400000, 0x000000008c400000| Untracked 
| 117|0x000000008c500000, 0x000000008c500000, 0x000000008c600000|  0%| F|  |TAMS 0x000000008c500000, 0x000000008c500000| Untracked 
| 118|0x000000008c600000, 0x000000008c600000, 0x000000008c700000|  0%| F|  |TAMS 0x000000008c600000, 0x000000008c600000| Untracked 
| 119|0x000000008c700000, 0x000000008c700000, 0x000000008c800000|  0%| F|  |TAMS 0x000000008c700000, 0x000000008c700000| Untracked 
| 120|0x000000008c800000, 0x000000008c800000, 0x000000008c900000|  0%| F|  |TAMS 0x000000008c800000, 0x000000008c800000| Untracked 
| 121|0x000000008c900000, 0x000000008c900000, 0x000000008ca00000|  0%| F|  |TAMS 0x000000008c900000, 0x000000008c900000| Untracked 
| 122|0x000000008ca00000, 0x000000008ca00000, 0x000000008cb00000|  0%| F|  |TAMS 0x000000008ca00000, 0x000000008ca00000| Untracked 
| 123|0x000000008cb00000, 0x000000008cb00000, 0x000000008cc00000|  0%| F|  |TAMS 0x000000008cb00000, 0x000000008cb00000| Untracked 

Card table byte_map: [0x00007f7121c6d000,0x00007f7122045000] _byte_map_base: 0x00007f7121845000

Marking Bits (Prev, Next): (CMBitMap*) 0x00007f711c082010, (CMBitMap*) 0x00007f711c082050
 Prev Bits: [0x00007f7107c71000, 0x00007f7109b31000)
 Next Bits: [0x00007f7105db1000, 0x00007f7107c71000)

GC Heap History (0 events):
No events

Dll operation events (1 events):
Event: 0.001 Loaded shared library /opt/android-studio/jbr/lib/libjava.so

Deoptimization events (0 events):
No events

Classes unloaded (0 events):
No events

Classes redefined (0 events):
No events

Internal exceptions (0 events):
No events

VM Operations (0 events):
No events

Events (2 events):
Event: 0.001 Protecting memory [0x00007f7123360000,0x00007f7123364000] with protection modes 0
Event: 0.003 loading class java/lang/Object


Dynamic libraries:
00200000-00201000 r--p 00000000 08:20 369379                             /opt/android-studio/jbr/bin/java
00201000-00202000 r-xp 00000000 08:20 369379                             /opt/android-studio/jbr/bin/java
00202000-00203000 r--p 00000000 08:20 369379                             /opt/android-studio/jbr/bin/java
00203000-00204000 rw-p 00000000 08:20 369379                             /opt/android-studio/jbr/bin/java
00e76000-00ebe000 rw-p 00000000 00:00 0                                  [heap]
85000000-8cc00000 rw-p 00000000 00:00 0 
8cc00000-100040000 ---p 00000000 00:00 0 
100040000-100050000 rw-p 00000000 00:00 0 
100050000-140000000 ---p 00000000 00:00 0 
7f70e8000000-7f70e8021000 rw-p 00000000 00:00 0 
7f70e8021000-7f70ec000000 ---p 00000000 00:00 0 
7f70f0000000-7f70f0021000 rw-p 00000000 00:00 0 
7f70f0021000-7f70f4000000 ---p 00000000 00:00 0 
7f70f6000000-7f70f8021000 rw-p 00000000 00:00 0 
7f70f8021000-7f70fc000000 ---p 00000000 00:00 0 
7f70fc000000-7f70fc021000 rw-p 00000000 00:00 0 
7f70fc021000-7f7100000000 ---p 00000000 00:00 0 
7f7100000000-7f7100021000 rw-p 00000000 00:00 0 
7f7100021000-7f7104000000 ---p 00000000 00:00 0 
7f7104f03000-7f7104fb4000 r--p 00000000 08:20 6210                       /usr/lib/libcrypto.so.3
7f7104fb4000-7f71052cd000 r-xp 000b1000 08:20 6210                       /usr/lib/libcrypto.so.3
7f71052cd000-7f710539f000 r--p 003ca000 08:20 6210                       /usr/lib/libcrypto.so.3
7f710539f000-7f71053fa000 r--p 0049c000 08:20 6210                       /usr/lib/libcrypto.so.3
7f71053fa000-7f71053fd000 rw-p 004f7000 08:20 6210                       /usr/lib/libcrypto.so.3
7f71053fd000-7f7105410000 rw-p 00000000 00:00 0 
7f7105410000-7f7105c00000 ---p 00000000 00:00 0 
7f7105db1000-7f7105fa1000 rw-p 00000000 00:00 0 
7f7105fa1000-7f7107c71000 ---p 00000000 00:00 0 
7f7107c71000-7f7107e61000 rw-p 00000000 00:00 0 
7f7107e61000-7f7109b31000 ---p 00000000 00:00 0 
7f7109b31000-7f7109da1000 rwxp 00000000 00:00 0 
7f7109da1000-7f7110f90000 ---p 00000000 00:00 0 
7f7110f90000-7f7111200000 rwxp 00000000 00:00 0 
7f7111200000-7f71116d1000 ---p 00000000 00:00 0 
7f71116d1000-7f7111941000 rwxp 00000000 00:00 0 
7f7111941000-7f7118b31000 ---p 00000000 00:00 0 
7f7118b31000-7f711c000000 r--s 00000000 08:20 369786                     /opt/android-studio/jbr/lib/modules
7f711c000000-7f711c14d000 rw-p 00000000 00:00 0 
7f711c14d000-7f7120000000 ---p 00000000 00:00 0 
7f7120351000-7f7120354000 r--p 00000000 08:20 30596                      /usr/lib/libz.so.1.3
7f7120354000-7f7120362000 r-xp 00003000 08:20 30596                      /usr/lib/libz.so.1.3
7f7120362000-7f7120369000 r--p 00011000 08:20 30596                      /usr/lib/libz.so.1.3
7f7120369000-7f712036a000 r--p 00017000 08:20 30596                      /usr/lib/libz.so.1.3
7f712036a000-7f712036b000 rw-p 00018000 08:20 30596                      /usr/lib/libz.so.1.3
7f712036b000-7f7120377000 r--p 00000000 08:20 28620                      /usr/lib/libzstd.so.1.5.5
7f7120377000-7f7120428000 r-xp 0000c000 08:20 28620                      /usr/lib/libzstd.so.1.5.5
7f7120428000-7f712043c000 r--p 000bd000 08:20 28620                      /usr/lib/libzstd.so.1.5.5
7f712043c000-7f712043d000 r--p 000d1000 08:20 28620                      /usr/lib/libzstd.so.1.5.5
7f712043d000-7f712043e000 rw-p 000d2000 08:20 28620                      /usr/lib/libzstd.so.1.5.5
7f712043e000-7f7120442000 r--p 00000000 08:20 16137                      /usr/lib/liblzma.so.5.4.4
7f7120442000-7f7120463000 r-xp 00004000 08:20 16137                      /usr/lib/liblzma.so.5.4.4
7f7120463000-7f712046f000 r--p 00025000 08:20 16137                      /usr/lib/liblzma.so.5.4.4
7f712046f000-7f7120470000 r--p 00031000 08:20 16137                      /usr/lib/liblzma.so.5.4.4
7f7120470000-7f7120471000 rw-p 00032000 08:20 16137                      /usr/lib/liblzma.so.5.4.4
7f7120471000-7f7120473000 r--p 00000000 08:20 28171                      /usr/lib/libbz2.so.1.0.8
7f7120473000-7f7120480000 r-xp 00002000 08:20 28171                      /usr/lib/libbz2.so.1.0.8
7f7120480000-7f7120482000 r--p 0000f000 08:20 28171                      /usr/lib/libbz2.so.1.0.8
7f7120482000-7f7120483000 r--p 00010000 08:20 28171                      /usr/lib/libbz2.so.1.0.8
7f7120483000-7f7120484000 rw-p 00011000 08:20 28171                      /usr/lib/libbz2.so.1.0.8
7f7120484000-7f7120489000 r--p 00000000 08:20 236533                     /usr/lib/libzip.so.5.5
7f7120489000-7f712049d000 r-xp 00005000 08:20 236533                     /usr/lib/libzip.so.5.5
7f712049d000-7f71204a2000 r--p 00019000 08:20 236533                     /usr/lib/libzip.so.5.5
7f71204a2000-7f71204a3000 r--p 0001e000 08:20 236533                     /usr/lib/libzip.so.5.5
7f71204a3000-7f71204a4000 rw-p 0001f000 08:20 236533                     /usr/lib/libzip.so.5.5
7f71204a4000-7f71205c1000 rw-p 00000000 00:00 0 
7f71205c1000-7f71205c2000 ---p 00000000 00:00 0 
7f71205c2000-7f71206c3000 rw-p 00000000 00:00 0 
7f71206c3000-7f71206c4000 ---p 00000000 00:00 0 
7f71206c4000-7f71214d2000 rw-p 00000000 00:00 0 
7f71214d2000-7f71214d3000 ---p 00000000 00:00 0 
7f71214d3000-7f71215d4000 rw-p 00000000 00:00 0 
7f71215d4000-7f71215d5000 ---p 00000000 00:00 0 
7f71215d5000-7f71216d6000 rw-p 00000000 00:00 0 
7f71216d6000-7f71216d7000 ---p 00000000 00:00 0 
7f71216d7000-7f71218d3000 rw-p 00000000 00:00 0 
7f71218d3000-7f7121c6d000 ---p 00000000 00:00 0 
7f7121c6d000-7f7121cab000 rw-p 00000000 00:00 0 
7f7121cab000-7f7122045000 ---p 00000000 00:00 0 
7f7122045000-7f7122083000 rw-p 00000000 00:00 0 
7f7122083000-7f712241d000 ---p 00000000 00:00 0 
7f712241d000-7f712312f000 rw-p 00000000 00:00 0 
7f712312f000-7f7123213000 ---p 00000000 00:00 0 
7f7123213000-7f7123218000 rw-p 00000000 00:00 0 
7f7123218000-7f71232fc000 ---p 00000000 00:00 0 
7f71232fc000-7f7123301000 rw-p 00000000 00:00 0 
7f7123301000-7f712330b000 ---p 00000000 00:00 0 
7f712330b000-7f712331d000 r--p 00000000 08:20 369764                     /opt/android-studio/jbr/lib/libjava.so
7f712331d000-7f712332f000 r-xp 00011000 08:20 369764                     /opt/android-studio/jbr/lib/libjava.so
7f712332f000-7f7123331000 r--p 00022000 08:20 369764                     /opt/android-studio/jbr/lib/libjava.so
7f7123331000-7f7123332000 rw-p 00023000 08:20 369764                     /opt/android-studio/jbr/lib/libjava.so
7f7123332000-7f712333a000 rw-s 00000000 00:4b 209                        /tmp/hsperfdata_hardstyle/14878
7f712333a000-7f712333b000 ---p 00000000 00:00 0 
7f712333b000-7f712333c000 r--p 00000000 00:00 0 
7f712333c000-7f712333d000 ---p 00000000 00:00 0 
7f712333d000-7f7123348000 r--p 00000000 08:20 369768                     /opt/android-studio/jbr/lib/libjimage.so
7f7123348000-7f712335d000 r-xp 0000a000 08:20 369768                     /opt/android-studio/jbr/lib/libjimage.so
7f712335d000-7f712335f000 r--p 0001e000 08:20 369768                     /opt/android-studio/jbr/lib/libjimage.so
7f712335f000-7f7123360000 rw-p 0001f000 08:20 369768                     /opt/android-studio/jbr/lib/libjimage.so
7f7123360000-7f7123364000 ---p 00000000 00:00 0 
7f7123364000-7f7123460000 rw-p 00000000 00:00 0 
7f7123460000-7f7123461000 r--p 00000000 08:20 5748                       /usr/lib/librt.so.1
7f7123461000-7f7123462000 r-xp 00001000 08:20 5748                       /usr/lib/librt.so.1
7f7123462000-7f7123463000 r--p 00002000 08:20 5748                       /usr/lib/librt.so.1
7f7123463000-7f7123464000 r--p 00002000 08:20 5748                       /usr/lib/librt.so.1
7f7123464000-7f7123465000 rw-p 00003000 08:20 5748                       /usr/lib/librt.so.1
7f7123465000-7f7123475000 r--p 00000000 08:20 5722                       /usr/lib/libm.so.6
7f7123475000-7f71234f4000 r-xp 00010000 08:20 5722                       /usr/lib/libm.so.6
7f71234f4000-7f7123550000 r--p 0008f000 08:20 5722                       /usr/lib/libm.so.6
7f7123550000-7f7123551000 r--p 000ea000 08:20 5722                       /usr/lib/libm.so.6
7f7123551000-7f7123552000 rw-p 000eb000 08:20 5722                       /usr/lib/libm.so.6
7f7123552000-7f7123a8e000 r--p 00000000 08:20 369796                     /opt/android-studio/jbr/lib/server/libjvm.so
7f7123a8e000-7f7124708000 r-xp 0053b000 08:20 369796                     /opt/android-studio/jbr/lib/server/libjvm.so
7f7124708000-7f71247cb000 r--p 011b4000 08:20 369796                     /opt/android-studio/jbr/lib/server/libjvm.so
7f71247cb000-7f71247fd000 rw-p 01276000 08:20 369796                     /opt/android-studio/jbr/lib/server/libjvm.so
7f71247fd000-7f712485a000 rw-p 00000000 00:00 0 
7f712485a000-7f7124880000 r--p 00000000 08:20 5710                       /usr/lib/libc.so.6
7f7124880000-7f71249df000 r-xp 00026000 08:20 5710                       /usr/lib/libc.so.6
7f71249df000-7f7124a34000 r--p 00185000 08:20 5710                       /usr/lib/libc.so.6
7f7124a34000-7f7124a98000 r--p 001d9000 08:20 5710                       /usr/lib/libc.so.6
7f7124a98000-7f7124a9a000 rw-p 0023d000 08:20 5710                       /usr/lib/libc.so.6
7f7124a9a000-7f7124aa7000 rw-p 00000000 00:00 0 
7f7124aa7000-7f7124aa8000 r--p 00000000 08:20 5717                       /usr/lib/libdl.so.2
7f7124aa8000-7f7124aa9000 r-xp 00001000 08:20 5717                       /usr/lib/libdl.so.2
7f7124aa9000-7f7124aaa000 r--p 00002000 08:20 5717                       /usr/lib/libdl.so.2
7f7124aaa000-7f7124aab000 r--p 00002000 08:20 5717                       /usr/lib/libdl.so.2
7f7124aab000-7f7124aac000 rw-p 00003000 08:20 5717                       /usr/lib/libdl.so.2
7f7124aac000-7f7124aad000 r--p 00000000 08:20 5742                       /usr/lib/libpthread.so.0
7f7124aad000-7f7124aae000 r-xp 00001000 08:20 5742                       /usr/lib/libpthread.so.0
7f7124aae000-7f7124aaf000 r--p 00002000 08:20 5742                       /usr/lib/libpthread.so.0
7f7124aaf000-7f7124ab0000 r--p 00002000 08:20 5742                       /usr/lib/libpthread.so.0
7f7124ab0000-7f7124ab1000 rw-p 00003000 08:20 5742                       /usr/lib/libpthread.so.0
7f7124ab1000-7f7124ab9000 r--p 00000000 08:20 369769                     /opt/android-studio/jbr/lib/libjli.so
7f7124ab9000-7f7124ac8000 r-xp 00007000 08:20 369769                     /opt/android-studio/jbr/lib/libjli.so
7f7124ac8000-7f7124ac9000 r--p 00015000 08:20 369769                     /opt/android-studio/jbr/lib/libjli.so
7f7124ac9000-7f7124aca000 rw-p 00015000 08:20 369769                     /opt/android-studio/jbr/lib/libjli.so
7f7124aca000-7f7124acc000 rw-p 00000000 00:00 0 
7f7124acc000-7f7124acd000 r--p 00000000 08:20 5698                       /usr/lib/ld-linux-x86-64.so.2
7f7124acd000-7f7124af3000 r-xp 00001000 08:20 5698                       /usr/lib/ld-linux-x86-64.so.2
7f7124af3000-7f7124afd000 r--p 00027000 08:20 5698                       /usr/lib/ld-linux-x86-64.so.2
7f7124afd000-7f7124aff000 r--p 00031000 08:20 5698                       /usr/lib/ld-linux-x86-64.so.2
7f7124aff000-7f7124b01000 rw-p 00033000 08:20 5698                       /usr/lib/ld-linux-x86-64.so.2
7ffca14a3000-7ffca14c4000 rw-p 00000000 00:00 0                          [stack]
7ffca1596000-7ffca159a000 r--p 00000000 00:00 0                          [vvar]
7ffca159a000-7ffca159c000 r-xp 00000000 00:00 0                          [vdso]


VM Arguments:
java_command: <unknown>
java_class_path (initial): <not set>
Launcher Type: SUN_STANDARD

[Global flags]
     intx CICompilerCount                          = 12                                        {product} {ergonomic}
     uint ConcGCThreads                            = 3                                         {product} {ergonomic}
     uint G1ConcRefinementThreads                  = 13                                        {product} {ergonomic}
   size_t G1HeapRegionSize                         = 1048576                                   {product} {ergonomic}
    uintx GCDrainStackTargetSize                   = 64                                        {product} {ergonomic}
   size_t InitialHeapSize                          = 130023424                                 {product} {ergonomic}
   size_t MarkStackSize                            = 4194304                                   {product} {ergonomic}
   size_t MaxHeapSize                              = 2063597568                                {product} {ergonomic}
   size_t MaxNewSize                               = 1237319680                                {product} {ergonomic}
   size_t MinHeapDeltaBytes                        = 1048576                                   {product} {ergonomic}
   size_t MinHeapSize                              = 8388608                                   {product} {ergonomic}
    uintx NonNMethodCodeHeapSize                   = 7602480                                {pd product} {ergonomic}
    uintx NonProfiledCodeHeapSize                  = 122027880                              {pd product} {ergonomic}
    uintx ProfiledCodeHeapSize                     = 122027880                              {pd product} {ergonomic}
    uintx ReservedCodeCacheSize                    = 251658240                              {pd product} {ergonomic}
     bool SegmentedCodeCache                       = true                                      {product} {ergonomic}
   size_t SoftMaxHeapSize                          = 2063597568                             {manageable} {ergonomic}
     bool UseCompressedClassPointers               = true                           {product lp64_product} {ergonomic}
     bool UseCompressedOops                        = true                           {product lp64_product} {ergonomic}
     bool UseG1GC                                  = true                                      {product} {ergonomic}

Logging:
Log output configuration:
 #0: stdout all=warning uptime,level,tags
 #1: stderr all=off uptime,level,tags

Environment Variables:
JAVA_HOME=/usr/lib/jvm/java-8-openjdk
PATH=/home/hardstyle/Android/Sdk/cmdline-tools/latest/bin:/home/hardstyle/flutter/bin/:/home/hardstyle/.vscode-server/bin/8b617bd08fd9e3fc94d14adb8d358b56e3f72314/bin/remote-cli:/home/hardstyle/.local/share/pnpm:/usr/local/sbin:/usr/local/bin:/usr/sbin:/usr/bin:/sbin:/bin:/usr/games:/usr/local/games:/usr/lib/wsl/lib:/mnt/c/Python311/Scripts/:/mnt/c/Python311/:/mnt/c/Program Files/Common Files/Oracle/Java/javapath:/mnt/c/Windows/system32:/mnt/c/Windows:/mnt/c/Windows/System32/Wbem:/mnt/c/Windows/System32/WindowsPowerShell/v1.0/:/mnt/c/Windows/System32/OpenSSH/:/mnt/c/Program Files/NVIDIA Corporation/NVIDIA NvDLISR:/mnt/c/Program Files (x86)/NVIDIA Corporation/PhysX/Common:/mnt/c/Program Files/dotnet/:/mnt/c/WINDOWS/system32:/mnt/c/WINDOWS:/mnt/c/WINDOWS/System32/Wbem:/mnt/c/WINDOWS/System32/WindowsPowerShell/v1.0/:/mnt/c/WINDOWS/System32/OpenSSH/:/mnt/c/ProgramData/chocolatey/bin:/mnt/c/Program Files/nodejs/:/mnt/c/ProgramData/ComposerSetup/bin:/mnt/c/Program Files/Git/cmd:/mnt/c/Program Files/Bandizip/:/mnt/c/Users/kilki/AppData/Local/Programs/cursor/resources/app/bin:/mnt/c/Users/kilki/.console-ninja/.bin:/mnt/c/Users/kilki/OneDrive/Bureau/platform-tools:/mnt/c/Users/kilki/scoop/shims:/mnt/c/Program Files/MySQL/MySQL Shell 8.0/bin/:/mnt/c/Users/kilki/AppData/Local/Microsoft/WindowsApps:/mnt/c/Program Files/Eclipse Adoptium/jdk-17.0.7.7-hotspot/bin:/mnt/c/Users/kilki/.dotnet/tools:/mnt/c/Users/kilki/AppData/Roaming/npm:/mnt/c/xampp/php:/mnt/c/Users/kilki/AppData/Roaming/Composer/vendor/bin:/mnt/c/Program Files/MySQL/MySQL Server 8.0/bin:/mnt/c/Program Files/JetBrains/PhpStorm 2023.1.3/bin:/mnt/c/Users/kilki/Microsoft VS Code/bin:/mnt/c/tools/dart-sdk/bin:/mnt/c/Users/kilki/AppData/Local/Pub/Cache/bin:/usr/bin/site_perl:/usr/bin/vendor_perl:/usr/bin/core_perl:/var/lib/snapd/snap/bin:/home/hardstyle/flutter/bin:/home/hardstyle/flutter/bin
LD_LIBRARY_PATH=:/usr/lib
SHELL=/bin/fish
DISPLAY=:0
HOSTTYPE=x86_64
LANG=fr_FR.UTF-8
TERM=xterm-256color

Signal Handlers:
   SIGSEGV: crash_handler in libjvm.so, mask=11100100010111111101111111111110, flags=SA_RESTART|SA_SIGINFO
    SIGBUS: crash_handler in libjvm.so, mask=11100100010111111101111111111110, flags=SA_RESTART|SA_SIGINFO
    SIGFPE: crash_handler in libjvm.so, mask=11100100010111111101111111111110, flags=SA_RESTART|SA_SIGINFO
   SIGPIPE: javaSignalHandler in libjvm.so, mask=11100100010111111101111111111110, flags=SA_RESTART|SA_SIGINFO
   SIGXFSZ: javaSignalHandler in libjvm.so, mask=11100100010111111101111111111110, flags=SA_RESTART|SA_SIGINFO
    SIGILL: crash_handler in libjvm.so, mask=11100100010111111101111111111110, flags=SA_RESTART|SA_SIGINFO
   SIGUSR2: SR_handler in libjvm.so, mask=00000000000000000000010000000000, flags=SA_RESTART|SA_SIGINFO
    SIGHUP: SIG_DFL, mask=00000000000000000000000000000000, flags=none
    SIGINT: SIG_DFL, mask=00000000000000000000000000000000, flags=none
   SIGTERM: SIG_DFL, mask=00000000000000000000000000000000, flags=none
   SIGQUIT: UserHandler in libjvm.so, mask=11100100010111111101111111111110, flags=SA_RESTART|SA_SIGINFO
   SIGTRAP: crash_handler in libjvm.so, mask=11100100010111111101111111111110, flags=SA_RESTART|SA_SIGINFO

JNI global refs:

[error occurred during error reporting (JNI global references), id 0xb, SIGSEGV (0xb) at pc=0x00007f71243b3974]


---------------  S Y S T E M  ---------------

OS:
NAME="Arch Linux"
PRETTY_NAME="Arch Linux"
ID=arch
BUILD_ID=rolling
ANSI_COLOR="38;2;23;147;209"
HOME_URL="https://archlinux.org/"
DOCUMENTATION_URL="https://wiki.archlinux.org/"
SUPPORT_URL="https://bbs.archlinux.org/"
BUG_REPORT_URL="https://bugs.archlinux.org/"
PRIVACY_POLICY_URL="https://terms.archlinux.org/docs/privacy-policy/"
LOGO=archlinux-logo
uname: Linux 5.15.90.1-microsoft-standard-WSL2 #1 SMP Fri Jan 27 02:56:13 UTC 2023 x86_64
OS uptime: 0 days 0:15 hours
libc: glibc 2.38 NPTL 2.38 
rlimit (soft/hard): STACK 8192k/infinity , CORE 0k/infinity , NPROC 31455/31455 , NOFILE 1048576/1048576 , AS infinity/infinity , CPU infinity/infinity , DATA infinity/infinity , FSIZE infinity/infinity , MEMLOCK 65536k/65536k
load average: 0.42 0.51 0.37

/proc/meminfo:
MemTotal:        8059164 kB
MemFree:          592140 kB
MemAvailable:    2320928 kB
Buffers:          209868 kB
Cached:          1475572 kB
SwapCached:            0 kB
Active:           953180 kB
Inactive:        5660516 kB
Active(anon):      11188 kB
Inactive(anon):  4947528 kB
Active(file):     941992 kB
Inactive(file):   712988 kB
Unevictable:           0 kB
Mlocked:               0 kB
SwapTotal:       2097152 kB
SwapFree:        2097152 kB
Dirty:               248 kB
Writeback:             0 kB
AnonPages:       4911516 kB
Mapped:           535220 kB
Shmem:             30704 kB
KReclaimable:     374280 kB
Slab:             475664 kB
SReclaimable:     374280 kB
SUnreclaim:       101384 kB
KernelStack:       14400 kB
PageTables:        86076 kB
NFS_Unstable:          0 kB
Bounce:                0 kB
WritebackTmp:          0 kB
CommitLimit:     6126732 kB
Committed_AS:    7784708 kB
VmallocTotal:   34359738367 kB
VmallocUsed:       36500 kB
VmallocChunk:          0 kB
Percpu:             7808 kB
AnonHugePages:   1062912 kB
ShmemHugePages:        0 kB
ShmemPmdMapped:        0 kB
FileHugePages:         0 kB
FilePmdMapped:         0 kB
HugePages_Total:       0
HugePages_Free:        0
HugePages_Rsvd:        0
HugePages_Surp:        0
Hugepagesize:       2048 kB
Hugetlb:               0 kB
DirectMap4k:      158720 kB
DirectMap2M:     8153088 kB
DirectMap1G:     9437184 kB

/sys/kernel/mm/transparent_hugepage/enabled: [always] madvise never
/sys/kernel/mm/transparent_hugepage/defrag (defrag/compaction efforts parameter): always defer defer+madvise [madvise] never

Process Memory:
Virtual Size: 3943768K (peak: 3943768K)
Resident Set Size: 23200K (peak: 23200K) (anon: 8388K, file: 14780K, shmem: 32K)
Swapped out: 0K
C-Heap outstanding allocations: 33389K, retained: 774K
glibc malloc tunables: (default)

/proc/sys/kernel/threads-max (system-wide limit on the number of threads): 62911
/proc/sys/vm/max_map_count (maximum number of memory map areas a process may have): 65530
/proc/sys/kernel/pid_max (system-wide limit on number of process identifiers): 4194304

container (cgroup) information:
container_type: cgroupv1
cpu_cpuset_cpus: 0-15
cpu_memory_nodes: 0
active_processor_count: 16
cpu_quota: no quota
cpu_period: 100000
cpu_shares: no shares
memory_limit_in_bytes: unlimited
memory_and_swap_limit_in_bytes: unlimited
memory_soft_limit_in_bytes: unlimited
memory_usage_in_bytes: 6597108 k
memory_max_usage_in_bytes: 1105728 k
kernel_memory_usage_in_bytes: 40892 k
kernel_memory_max_usage_in_bytes: unlimited
kernel_memory_limit_in_bytes: 61380 k
maximum number of tasks: not supported
current number of tasks: not supported

Hyper-V virtualization detected
Steal ticks since vm start: 0
Steal ticks percentage since vm start:  0.000

CPU: total 16 (initial active 16) (16 cores per cpu, 2 threads per core) family 25 model 80 stepping 0 microcode 0xffffffff, cx8, cmov, fxsr, ht, mmx, 3dnowpref, sse, sse2, sse3, ssse3, sse4a, sse4.1, sse4.2, popcnt, lzcnt, tsc, tscinvbit, avx, avx2, aes, erms, clmul, bmi1, bmi2, adx, sha, fma, vzeroupper, clflush, clflushopt, hv
CPU Model and flags from /proc/cpuinfo:
model name	: AMD Ryzen 7 5800H with Radeon Graphics
flags		: fpu vme de pse tsc msr pae mce cx8 apic sep mtrr pge mca cmov pat pse36 clflush mmx fxsr sse sse2 ht syscall nx mmxext fxsr_opt pdpe1gb rdtscp lm constant_tsc rep_good nopl tsc_reliable nonstop_tsc cpuid extd_apicid pni pclmulqdq ssse3 fma cx16 sse4_1 sse4_2 movbe popcnt aes xsave avx f16c rdrand hypervisor lahf_lm cmp_legacy svm cr8_legacy abm sse4a misalignsse 3dnowprefetch osvw topoext perfctr_core ssbd ibrs ibpb stibp vmmcall fsgsbase bmi1 avx2 smep bmi2 erms invpcid rdseed adx smap clflushopt clwb sha_ni xsaveopt xsavec xgetbv1 xsaves clzero xsaveerptr arat npt nrip_save tsc_scale vmcb_clean flushbyasid decodeassists pausefilter pfthreshold v_vmsave_vmload umip vaes vpclmulqdq rdpid fsrm

Online cpus: 0-15
Offline cpus: 
BIOS frequency limitation: <Not Available>
Frequency switch latency (ns): <Not Available>
Available cpu frequencies: <Not Available>
Current governor: <Not Available>
Core performance/turbo boost: <Not Available>

Memory: 4k page, physical 8059164k(591384k free), swap 2097152k(2097152k free)
Page Sizes: 4k

vm_info: OpenJDK 64-Bit Server VM (17.0.6+0-17.0.6b829.9-10027231) for linux-amd64 JRE (17.0.6+0-17.0.6b829.9-10027231), built on Apr 27 2023 23:19:43 by "androidbuild" with clang Android (7284624, based on r416183b) Clang 12.0.5 (https://android.googlesource.com/toolchain/llvm-project c935d99d7cf2016289302412d708641d52d2f7ee)

END.
